#
# There is insufficient memory for the Java Runtime Environment to continue.
# Native memory allocation (malloc) failed to allocate 1682256 bytes for Chunk::new
# Possible reasons:
#   The system is out of physical RAM or swap space
#   The process is running with CompressedOops enabled, and the Java Heap may be blocking the growth of the native heap
# Possible solutions:
#   Reduce memory load on the system
#   Increase physical memory or swap space
#   Check if swap backing store is full
#   Decrease Java heap size (-Xmx/-Xms)
#   Decrease number of Java threads
#   Decrease Java thread stack sizes (-Xss)
#   Set larger code cache with -XX:ReservedCodeCacheSize=
#   JVM is running with Unscaled Compressed Oops mode in which the Java heap is
#     placed in the first 4GB address space. The Java Heap base address is the
#     maximum limit for the native heap growth. Please use -XX:HeapBaseMinAddress
#     to set the Java Heap base and to place the Java Heap above 4GB virtual address.
# This output file may be truncated or incomplete.
#
#  Out of Memory Error (arena.cpp:189), pid=5840, tid=4396
#
# JRE version: OpenJDK Runtime Environment Temurin-17.0.5+8 (17.0.5+8) (build 17.0.5+8)
# Java VM: OpenJDK 64-Bit Server VM Temurin-17.0.5+8 (17.0.5+8, mixed mode, tiered, compressed oops, compressed class ptrs, g1 gc, windows-amd64)
# No core dump will be written. Minidumps are not enabled by default on client versions of Windows
#

---------------  S U M M A R Y ------------

Command Line: C:\Users\paulina\AppData\Local\Temp\surefire4799732221129557873\surefirebooter17377966724467824328.jar C:\Users\paulina\AppData\Local\Temp\surefire4799732221129557873 2023-12-20T20-57-14_319-jvmRun1 surefire11836916763859735316tmp surefire_016178234171212299876tmp

Host: Pentium(R) Dual-Core CPU       T4500  @ 2.30GHz, 2 cores, 1G,  Windows 7 , 64 bit Build 7601 (6.1.7601.24384)
Time: Wed Dec 20 20:57:45 2023 Hora estándar de Argentina elapsed time: 20.241236 seconds (0d 0h 0m 20s)

---------------  T H R E A D  ---------------

Current thread (0x0000000018e971c0):  JavaThread "C2 CompilerThread0" daemon [_thread_in_native, id=4396, stack(0x000000005a360000,0x000000005a460000)]


Current CompileTask:
C2:  20241 2197       4       org.springframework.boot.context.properties.source.ConfigurationPropertyName$ElementsParser::parse (234 bytes)

Stack: [0x000000005a360000,0x000000005a460000]
Native frames: (J=compiled Java code, j=interpreted, Vv=VM code, C=native code)
V  [jvm.dll+0x676b3a]
V  [jvm.dll+0x831444]
V  [jvm.dll+0x832bee]
V  [jvm.dll+0x833253]
V  [jvm.dll+0x244ce5]
V  [jvm.dll+0xabbac]
V  [jvm.dll+0xac17c]
V  [jvm.dll+0x362d02]
V  [jvm.dll+0x32d591]
V  [jvm.dll+0x32ca3a]
V  [jvm.dll+0x217b51]
V  [jvm.dll+0x216f71]
V  [jvm.dll+0x1a343d]
V  [jvm.dll+0x22698a]
V  [jvm.dll+0x224ac5]
V  [jvm.dll+0x7e727b]
V  [jvm.dll+0x7e17ea]
V  [jvm.dll+0x6759e5]
C  [ucrtbase.DLL+0x1c1ae]
C  [kernel32.dll+0x1570d]
C  [ntdll.dll+0x5385d]


---------------  P R O C E S S  ---------------

Threads class SMR info:
_java_thread_list=0x000000005c71db60, length=15, elements={
0x00000000003ff6c0, 0x0000000018c6c210, 0x0000000018c6cf90, 0x0000000018e92ae0,
0x0000000018e953a0, 0x0000000018e95c60, 0x0000000018e96520, 0x0000000018e971c0,
0x0000000018efca60, 0x0000000018efd710, 0x000000005a9032c0, 0x000000005a911790,
0x000000005a970dd0, 0x000000005aaaf7e0, 0x000000005aa4b960
}

Java Threads: ( => current thread )
  0x00000000003ff6c0 JavaThread "main" [_thread_in_vm, id=6096, stack(0x00000000020f0000,0x00000000021f0000)]
  0x0000000018c6c210 JavaThread "Reference Handler" daemon [_thread_blocked, id=3988, stack(0x0000000059af0000,0x0000000059bf0000)]
  0x0000000018c6cf90 JavaThread "Finalizer" daemon [_thread_blocked, id=108, stack(0x0000000059d30000,0x0000000059e30000)]
  0x0000000018e92ae0 JavaThread "Signal Dispatcher" daemon [_thread_blocked, id=6032, stack(0x0000000059e70000,0x0000000059f70000)]
  0x0000000018e953a0 JavaThread "Attach Listener" daemon [_thread_blocked, id=5460, stack(0x000000005a0e0000,0x000000005a1e0000)]
  0x0000000018e95c60 JavaThread "Service Thread" daemon [_thread_blocked, id=5784, stack(0x0000000059f70000,0x000000005a070000)]
  0x0000000018e96520 JavaThread "Monitor Deflation Thread" daemon [_thread_blocked, id=4348, stack(0x000000005a200000,0x000000005a300000)]
=>0x0000000018e971c0 JavaThread "C2 CompilerThread0" daemon [_thread_in_native, id=4396, stack(0x000000005a360000,0x000000005a460000)]
  0x0000000018efca60 JavaThread "C1 CompilerThread0" daemon [_thread_blocked, id=3716, stack(0x000000005a600000,0x000000005a700000)]
  0x0000000018efd710 JavaThread "Sweeper thread" daemon [_thread_blocked, id=5252, stack(0x000000005a7c0000,0x000000005a8c0000)]
  0x000000005a9032c0 JavaThread "Notification Thread" daemon [_thread_blocked, id=4180, stack(0x0000000059c10000,0x0000000059d10000)]
  0x000000005a911790 JavaThread "Common-Cleaner" daemon [_thread_blocked, id=2604, stack(0x000000005acc0000,0x000000005adc0000)]
  0x000000005a970dd0 JavaThread "surefire-forkedjvm-command-thread" daemon [_thread_in_native, id=4148, stack(0x000000005b0e0000,0x000000005b1e0000)]
  0x000000005aaaf7e0 JavaThread "surefire-forkedjvm-ping-30s" daemon [_thread_in_native, id=5024, stack(0x000000005afe0000,0x000000005b0e0000)]
  0x000000005aa4b960 JavaThread "background-preinit" [_thread_in_native, id=3664, stack(0x000000005e640000,0x000000005e740000)]

Other Threads:
  0x0000000018c5be50 VMThread "VM Thread" [stack: 0x0000000059960000,0x0000000059a60000] [id=4600]
  0x0000000018f18ff0 WatcherThread [stack: 0x000000005a480000,0x000000005a580000] [id=5408]
  0x0000000000431dc0 GCTaskThread "GC Thread#0" [stack: 0x0000000016500000,0x0000000016600000] [id=5124]
  0x000000005abd80d0 GCTaskThread "GC Thread#1" [stack: 0x000000005b2e0000,0x000000005b3e0000] [id=5240]
  0x0000000000436b10 ConcurrentGCThread "G1 Main Marker" [stack: 0x00000000166b0000,0x00000000167b0000] [id=5856]
  0x0000000000438430 ConcurrentGCThread "G1 Conc#0" [stack: 0x00000000163b0000,0x00000000164b0000] [id=4604]
  0x0000000000462fb0 ConcurrentGCThread "G1 Refine#0" [stack: 0x0000000018a70000,0x0000000018b70000] [id=2716]
  0x000000005abd8380 ConcurrentGCThread "G1 Refine#1" [stack: 0x000000005bd30000,0x000000005be30000] [id=5116]
  0x00000000004638e0 ConcurrentGCThread "G1 Service" [stack: 0x0000000018cc0000,0x0000000018dc0000] [id=6000]

Threads with active compile tasks:
C2 CompilerThread0    20750 2197       4       org.springframework.boot.context.properties.source.ConfigurationPropertyName$ElementsParser::parse (234 bytes)

VM state: not at safepoint (normal execution)

VM Mutex/Monitor currently owned by a thread: None

Heap address: 0x00000000e0800000, size: 504 MB, Compressed Oops mode: 32-bit

CDS archive(s) not mapped
Compressed class space mapped at: 0x0000000019000000-0x0000000059000000, reserved size: 1073741824
Narrow klass base: 0x0000000000000000, Narrow klass shift: 0, Narrow klass range: 0x59000000

GC Precious Log:
 CPUs: 2 total, 2 available
 Memory: 2008M
 Large Page Support: Disabled
 NUMA Support: Disabled
 Compressed Oops: Enabled (32-bit)
 Heap Region Size: 1M
 Heap Min Capacity: 8M
 Heap Initial Capacity: 32M
 Heap Max Capacity: 504M
 Pre-touch: Disabled
 Parallel Workers: 2
 Concurrent Workers: 1
 Concurrent Refinement Workers: 2
 Periodic GC: Disabled

Heap:
 garbage-first heap   total 32768K, used 17750K [0x00000000e0800000, 0x0000000100000000)
  region size 1024K, 9 young (9216K), 2 survivors (2048K)
 Metaspace       used 22993K, committed 23296K, reserved 1073152K
  class space    used 2598K, committed 2752K, reserved 1048576K

Heap Regions: E=young(eden), S=young(survivor), O=old, HS=humongous(starts), HC=humongous(continues), CS=collection set, F=free, OA=open archive, CA=closed archive, TAMS=top-at-mark-start (previous, next)
|   0|0x00000000e0800000, 0x00000000e0900000, 0x00000000e0900000|100%|HS|  |TAMS 0x00000000e0900000, 0x00000000e0800000| Complete 
|   1|0x00000000e0900000, 0x00000000e0a00000, 0x00000000e0a00000|100%| O|  |TAMS 0x00000000e0a00000, 0x00000000e0900000| Untracked 
|   2|0x00000000e0a00000, 0x00000000e0b00000, 0x00000000e0b00000|100%| O|  |TAMS 0x00000000e0b00000, 0x00000000e0a00000| Untracked 
|   3|0x00000000e0b00000, 0x00000000e0c00000, 0x00000000e0c00000|100%| O|  |TAMS 0x00000000e0c00000, 0x00000000e0b00000| Untracked 
|   4|0x00000000e0c00000, 0x00000000e0d00000, 0x00000000e0d00000|100%| O|  |TAMS 0x00000000e0d00000, 0x00000000e0c00000| Untracked 
|   5|0x00000000e0d00000, 0x00000000e0e00000, 0x00000000e0e00000|100%| O|  |TAMS 0x00000000e0e00000, 0x00000000e0d00000| Untracked 
|   6|0x00000000e0e00000, 0x00000000e0f00000, 0x00000000e0f00000|100%| O|  |TAMS 0x00000000e0f00000, 0x00000000e0e00000| Untracked 
|   7|0x00000000e0f00000, 0x00000000e1000000, 0x00000000e1000000|100%| O|  |TAMS 0x00000000e1000000, 0x00000000e0f00000| Untracked 
|   8|0x00000000e1000000, 0x00000000e1100000, 0x00000000e1100000|100%| O|  |TAMS 0x00000000e1100000, 0x00000000e1000000| Untracked 
|   9|0x00000000e1100000, 0x00000000e1200000, 0x00000000e1200000|100%| O|  |TAMS 0x00000000e1200000, 0x00000000e1100000| Untracked 
|  10|0x00000000e1200000, 0x00000000e12d4c00, 0x00000000e1300000| 83%| O|  |TAMS 0x00000000e123f600, 0x00000000e1200000| Untracked 
|  11|0x00000000e1300000, 0x00000000e1300000, 0x00000000e1400000|  0%| F|  |TAMS 0x00000000e1300000, 0x00000000e1300000| Untracked 
|  12|0x00000000e1400000, 0x00000000e1400000, 0x00000000e1500000|  0%| F|  |TAMS 0x00000000e1400000, 0x00000000e1400000| Untracked 
|  13|0x00000000e1500000, 0x00000000e1500000, 0x00000000e1600000|  0%| F|  |TAMS 0x00000000e1500000, 0x00000000e1500000| Untracked 
|  14|0x00000000e1600000, 0x00000000e1600000, 0x00000000e1700000|  0%| F|  |TAMS 0x00000000e1600000, 0x00000000e1600000| Untracked 
|  15|0x00000000e1700000, 0x00000000e1700000, 0x00000000e1800000|  0%| F|  |TAMS 0x00000000e1700000, 0x00000000e1700000| Untracked 
|  16|0x00000000e1800000, 0x00000000e1800000, 0x00000000e1900000|  0%| F|  |TAMS 0x00000000e1800000, 0x00000000e1800000| Untracked 
|  17|0x00000000e1900000, 0x00000000e1900000, 0x00000000e1a00000|  0%| F|  |TAMS 0x00000000e1900000, 0x00000000e1900000| Untracked 
|  18|0x00000000e1a00000, 0x00000000e1a00000, 0x00000000e1b00000|  0%| F|  |TAMS 0x00000000e1a00000, 0x00000000e1a00000| Untracked 
|  19|0x00000000e1b00000, 0x00000000e1b00000, 0x00000000e1c00000|  0%| F|  |TAMS 0x00000000e1b00000, 0x00000000e1b00000| Untracked 
|  20|0x00000000e1c00000, 0x00000000e1c80fb0, 0x00000000e1d00000| 50%| S|CS|TAMS 0x00000000e1c00000, 0x00000000e1c00000| Complete 
|  21|0x00000000e1d00000, 0x00000000e1d00000, 0x00000000e1e00000|  0%| F|  |TAMS 0x00000000e1d00000, 0x00000000e1d00000| Untracked 
|  22|0x00000000e1e00000, 0x00000000e1f00000, 0x00000000e1f00000|100%| S|CS|TAMS 0x00000000e1e00000, 0x00000000e1e00000| Complete 
|  23|0x00000000e1f00000, 0x00000000e1f00000, 0x00000000e2000000|  0%| F|  |TAMS 0x00000000e1f00000, 0x00000000e1f00000| Untracked 
|  24|0x00000000e2000000, 0x00000000e2000000, 0x00000000e2100000|  0%| F|  |TAMS 0x00000000e2000000, 0x00000000e2000000| Untracked 
|  25|0x00000000e2100000, 0x00000000e21de8f0, 0x00000000e2200000| 86%| E|  |TAMS 0x00000000e2100000, 0x00000000e2100000| Complete 
|  26|0x00000000e2200000, 0x00000000e2300000, 0x00000000e2300000|100%| E|CS|TAMS 0x00000000e2200000, 0x00000000e2200000| Complete 
|  27|0x00000000e2300000, 0x00000000e2400000, 0x00000000e2400000|100%| E|CS|TAMS 0x00000000e2300000, 0x00000000e2300000| Complete 
|  28|0x00000000e2400000, 0x00000000e2500000, 0x00000000e2500000|100%| E|  |TAMS 0x00000000e2400000, 0x00000000e2400000| Complete 
|  29|0x00000000e2500000, 0x00000000e2600000, 0x00000000e2600000|100%| E|CS|TAMS 0x00000000e2500000, 0x00000000e2500000| Complete 
|  30|0x00000000e2600000, 0x00000000e2700000, 0x00000000e2700000|100%| E|CS|TAMS 0x00000000e2600000, 0x00000000e2600000| Complete 
|  31|0x00000000e2700000, 0x00000000e2800000, 0x00000000e2800000|100%| E|CS|TAMS 0x00000000e2700000, 0x00000000e2700000| Complete 

Card table byte_map: [0x0000000015190000,0x0000000015290000] _byte_map_base: 0x0000000014a8c000

Marking Bits (Prev, Next): (CMBitMap*) 0x0000000000432320, (CMBitMap*) 0x00000000004322e0
 Prev Bits: [0x0000000015b70000, 0x0000000016350000)
 Next Bits: [0x0000000015390000, 0x0000000015b70000)

Polling page: 0x0000000000130000

Metaspace:

Usage:
  Non-class:     19.92 MB used.
      Class:      2.54 MB used.
       Both:     22.45 MB used.

Virtual space:
  Non-class space:       24.00 MB reserved,      20.06 MB ( 84%) committed,  3 nodes.
      Class space:        1.00 GB reserved,       2.69 MB ( <1%) committed,  1 nodes.
             Both:        1.02 GB reserved,      22.75 MB (  2%) committed. 

Chunk freelists:
   Non-Class:  3.66 MB
       Class:  1.22 MB
        Both:  4.88 MB

MaxMetaspaceSize: unlimited
CompressedClassSpaceSize: 1.00 GB
Initial GC threshold: 21.00 MB
Current GC threshold: 35.13 MB
CDS: off
MetaspaceReclaimPolicy: balanced
 - commit_granule_bytes: 65536.
 - commit_granule_words: 8192.
 - virtual_space_node_default_size: 1048576.
 - enlarge_chunks_in_place: 1.
 - new_chunks_are_fully_committed: 0.
 - uncommit_free_chunks: 1.
 - use_allocation_guard: 0.
 - handle_deallocations: 1.


Internal statistics:

num_allocs_failed_limit: 3.
num_arena_births: 194.
num_arena_deaths: 0.
num_vsnodes_births: 4.
num_vsnodes_deaths: 0.
num_space_committed: 364.
num_space_uncommitted: 0.
num_chunks_returned_to_freelist: 3.
num_chunks_taken_from_freelist: 694.
num_chunk_merges: 3.
num_chunk_splits: 447.
num_chunks_enlarged: 324.
num_purges: 0.
num_inconsistent_stats: 0.

CodeHeap 'non-profiled nmethods': size=120064Kb used=896Kb max_used=896Kb free=119167Kb
 bounds [0x000000000d840000, 0x000000000dab0000, 0x0000000014d80000]
CodeHeap 'profiled nmethods': size=120000Kb used=4520Kb max_used=4520Kb free=115479Kb
 bounds [0x0000000006310000, 0x0000000006780000, 0x000000000d840000]
CodeHeap 'non-nmethods': size=5696Kb used=1164Kb max_used=1192Kb free=4531Kb
 bounds [0x0000000005d80000, 0x0000000005ff0000, 0x0000000006310000]
 total_blobs=2697 nmethods=2236 adapters=373
 compilation: enabled
              stopped_count=0, restarted_count=0
 full_count=0

Compilation events (20 events):
Event: 19.436 Thread 0x0000000018efca60 2195       3       java.util.Collections$UnmodifiableCollection::isEmpty (10 bytes)
Event: 19.437 Thread 0x0000000018efca60 nmethod 2195 0x0000000006754610 code [0x00000000067547c0, 0x0000000006754988]
Event: 19.438 Thread 0x0000000018efca60 2196       3       java.util.ArrayDeque::<init> (35 bytes)
Event: 19.438 Thread 0x0000000018efca60 nmethod 2196 0x0000000006754a90 code [0x0000000006754c40, 0x0000000006754fb8]
Event: 19.446 Thread 0x0000000018e971c0 nmethod 2191 0x000000000d91f790 code [0x000000000d91f940, 0x000000000d91fe98]
Event: 19.446 Thread 0x0000000018e971c0 2197       4       org.springframework.boot.context.properties.source.ConfigurationPropertyName$ElementsParser::parse (234 bytes)
Event: 19.536 Thread 0x0000000018efca60 2198       3       java.util.WeakHashMap::put (160 bytes)
Event: 19.547 Thread 0x0000000018efca60 nmethod 2198 0x0000000006755090 code [0x0000000006755320, 0x0000000006756308]
Event: 19.570 Thread 0x0000000018efca60 2199   !   3       jdk.internal.loader.BuiltinClassLoader$2::run (114 bytes)
Event: 19.574 Thread 0x0000000018efca60 nmethod 2199 0x0000000006756810 code [0x0000000006756aa0, 0x0000000006757878]
Event: 19.577 Thread 0x0000000018efca60 2200       3       java.util.WeakHashMap::matchesKey (33 bytes)
Event: 19.577 Thread 0x0000000018efca60 nmethod 2200 0x0000000006757d90 code [0x0000000006757f60, 0x0000000006758478]
Event: 19.578 Thread 0x0000000018efca60 2201       3       org.springframework.core.convert.converter.GenericConverter$ConvertiblePair::<init> (27 bytes)
Event: 19.579 Thread 0x0000000018efca60 nmethod 2201 0x0000000006758610 code [0x0000000006758800, 0x0000000006758cd8]
Event: 19.585 Thread 0x0000000018efca60 2202       3       org.springframework.boot.context.properties.source.SpringIterableConfigurationPropertySource::containsDescendantOf (102 bytes)
Event: 19.587 Thread 0x0000000018efca60 nmethod 2202 0x0000000006758e90 code [0x0000000006759180, 0x000000000675a0a8]
Event: 19.595 Thread 0x0000000018efca60 2203       3       java.util.WeakHashMap::remove (131 bytes)
Event: 19.597 Thread 0x0000000018efca60 nmethod 2203 0x000000000675a610 code [0x000000000675a860, 0x000000000675b378]
Event: 19.741 Thread 0x0000000018efca60 2204       3       java.util.HashMap::putMapEntries (167 bytes)
Event: 19.743 Thread 0x0000000018efca60 nmethod 2204 0x000000000675b790 code [0x000000000675ba60, 0x000000000675c828]

GC Heap History (16 events):
Event: 3.991 GC heap before
{Heap before GC invocations=0 (full 0):
 garbage-first heap   total 32768K, used 6144K [0x00000000e0800000, 0x0000000100000000)
  region size 1024K, 6 young (6144K), 0 survivors (0K)
 Metaspace       used 9620K, committed 9728K, reserved 1064960K
  class space    used 845K, committed 896K, reserved 1048576K
}
Event: 4.004 GC heap after
{Heap after GC invocations=1 (full 0):
 garbage-first heap   total 32768K, used 3344K [0x00000000e0800000, 0x0000000100000000)
  region size 1024K, 1 young (1024K), 1 survivors (1024K)
 Metaspace       used 9620K, committed 9728K, reserved 1064960K
  class space    used 845K, committed 896K, reserved 1048576K
}
Event: 4.148 GC heap before
{Heap before GC invocations=1 (full 0):
 garbage-first heap   total 32768K, used 6416K [0x00000000e0800000, 0x0000000100000000)
  region size 1024K, 5 young (5120K), 1 survivors (1024K)
 Metaspace       used 9721K, committed 9856K, reserved 1064960K
  class space    used 848K, committed 896K, reserved 1048576K
}
Event: 4.158 GC heap after
{Heap after GC invocations=2 (full 0):
 garbage-first heap   total 32768K, used 6698K [0x00000000e0800000, 0x0000000100000000)
  region size 1024K, 1 young (1024K), 1 survivors (1024K)
 Metaspace       used 9721K, committed 9856K, reserved 1064960K
  class space    used 848K, committed 896K, reserved 1048576K
}
Event: 5.321 GC heap before
{Heap before GC invocations=2 (full 0):
 garbage-first heap   total 32768K, used 10794K [0x00000000e0800000, 0x0000000100000000)
  region size 1024K, 6 young (6144K), 1 survivors (1024K)
 Metaspace       used 10564K, committed 10752K, reserved 1064960K
  class space    used 946K, committed 1024K, reserved 1048576K
}
Event: 5.349 GC heap after
{Heap after GC invocations=3 (full 0):
 garbage-first heap   total 32768K, used 9524K [0x00000000e0800000, 0x0000000100000000)
  region size 1024K, 1 young (1024K), 1 survivors (1024K)
 Metaspace       used 10564K, committed 10752K, reserved 1064960K
  class space    used 946K, committed 1024K, reserved 1048576K
}
Event: 7.526 GC heap before
{Heap before GC invocations=3 (full 0):
 garbage-first heap   total 32768K, used 13620K [0x00000000e0800000, 0x0000000100000000)
  region size 1024K, 6 young (6144K), 1 survivors (1024K)
 Metaspace       used 12220K, committed 12352K, reserved 1064960K
  class space    used 1161K, committed 1216K, reserved 1048576K
}
Event: 7.532 GC heap after
{Heap after GC invocations=4 (full 0):
 garbage-first heap   total 32768K, used 10122K [0x00000000e0800000, 0x0000000100000000)
  region size 1024K, 1 young (1024K), 1 survivors (1024K)
 Metaspace       used 12220K, committed 12352K, reserved 1064960K
  class space    used 1161K, committed 1216K, reserved 1048576K
}
Event: 9.228 GC heap before
{Heap before GC invocations=4 (full 0):
 garbage-first heap   total 32768K, used 17290K [0x00000000e0800000, 0x0000000100000000)
  region size 1024K, 8 young (8192K), 1 survivors (1024K)
 Metaspace       used 13989K, committed 14208K, reserved 1064960K
  class space    used 1395K, committed 1472K, reserved 1048576K
}
Event: 9.234 GC heap after
{Heap after GC invocations=5 (full 0):
 garbage-first heap   total 32768K, used 10540K [0x00000000e0800000, 0x0000000100000000)
  region size 1024K, 1 young (1024K), 1 survivors (1024K)
 Metaspace       used 13989K, committed 14208K, reserved 1064960K
  class space    used 1395K, committed 1472K, reserved 1048576K
}
Event: 11.895 GC heap before
{Heap before GC invocations=5 (full 0):
 garbage-first heap   total 32768K, used 20780K [0x00000000e0800000, 0x0000000100000000)
  region size 1024K, 11 young (11264K), 1 survivors (1024K)
 Metaspace       used 16663K, committed 16832K, reserved 1064960K
  class space    used 1718K, committed 1792K, reserved 1048576K
}
Event: 11.933 GC heap after
{Heap after GC invocations=6 (full 0):
 garbage-first heap   total 32768K, used 11163K [0x00000000e0800000, 0x0000000100000000)
  region size 1024K, 2 young (2048K), 2 survivors (2048K)
 Metaspace       used 16663K, committed 16832K, reserved 1064960K
  class space    used 1718K, committed 1792K, reserved 1048576K
}
Event: 14.440 GC heap before
{Heap before GC invocations=6 (full 0):
 garbage-first heap   total 32768K, used 20379K [0x00000000e0800000, 0x0000000100000000)
  region size 1024K, 12 young (12288K), 2 survivors (2048K)
 Metaspace       used 19493K, committed 19648K, reserved 1073152K
  class space    used 2093K, committed 2176K, reserved 1048576K
}
Event: 14.453 GC heap after
{Heap after GC invocations=7 (full 0):
 garbage-first heap   total 32768K, used 11870K [0x00000000e0800000, 0x0000000100000000)
  region size 1024K, 2 young (2048K), 2 survivors (2048K)
 Metaspace       used 19493K, committed 19648K, reserved 1073152K
  class space    used 2093K, committed 2176K, reserved 1048576K
}
Event: 18.794 GC heap before
{Heap before GC invocations=7 (full 0):
 garbage-first heap   total 32768K, used 20062K [0x00000000e0800000, 0x0000000100000000)
  region size 1024K, 11 young (11264K), 2 survivors (2048K)
 Metaspace       used 21356K, committed 21504K, reserved 1073152K
  class space    used 2370K, committed 2432K, reserved 1048576K
}
Event: 18.865 GC heap after
{Heap after GC invocations=8 (full 0):
 garbage-first heap   total 32768K, used 12630K [0x00000000e0800000, 0x0000000100000000)
  region size 1024K, 2 young (2048K), 2 survivors (2048K)
 Metaspace       used 21356K, committed 21504K, reserved 1073152K
  class space    used 2370K, committed 2432K, reserved 1048576K
}

Dll operation events (8 events):
Event: 0.051 Loaded shared library C:\Program Files\eclipse\plugins\org.eclipse.justj.openjdk.hotspot.jre.full.win32.x86_64_17.0.5.v20221102-0933\jre\bin\java.dll
Event: 1.543 Loaded shared library C:\Program Files\eclipse\plugins\org.eclipse.justj.openjdk.hotspot.jre.full.win32.x86_64_17.0.5.v20221102-0933\jre\bin\net.dll
Event: 1.567 Loaded shared library C:\Program Files\eclipse\plugins\org.eclipse.justj.openjdk.hotspot.jre.full.win32.x86_64_17.0.5.v20221102-0933\jre\bin\nio.dll
Event: 1.604 Loaded shared library C:\Program Files\eclipse\plugins\org.eclipse.justj.openjdk.hotspot.jre.full.win32.x86_64_17.0.5.v20221102-0933\jre\bin\zip.dll
Event: 2.018 Loaded shared library C:\Program Files\eclipse\plugins\org.eclipse.justj.openjdk.hotspot.jre.full.win32.x86_64_17.0.5.v20221102-0933\jre\bin\management.dll
Event: 2.265 Loaded shared library C:\Program Files\eclipse\plugins\org.eclipse.justj.openjdk.hotspot.jre.full.win32.x86_64_17.0.5.v20221102-0933\jre\bin\management_ext.dll
Event: 2.791 Loaded shared library C:\Program Files\eclipse\plugins\org.eclipse.justj.openjdk.hotspot.jre.full.win32.x86_64_17.0.5.v20221102-0933\jre\bin\jimage.dll
Event: 3.772 Loaded shared library C:\Program Files\eclipse\plugins\org.eclipse.justj.openjdk.hotspot.jre.full.win32.x86_64_17.0.5.v20221102-0933\jre\bin\verify.dll

Deoptimization events (20 events):
Event: 16.852 Thread 0x00000000003ff6c0 Uncommon trap: trap_request=0xffffffc6 fr.pc=0x000000000d8c30a8 relative=0x0000000000001988
Event: 16.852 Thread 0x00000000003ff6c0 Uncommon trap: reason=bimorphic_or_optimized_type_check action=maybe_recompile pc=0x000000000d8c30a8 method=java.util.HashMap.putVal(ILjava/lang/Object;Ljava/lang/Object;ZZ)Ljava/lang/Object; @ 91 c2
Event: 16.852 Thread 0x00000000003ff6c0 DEOPT PACKING pc=0x000000000d8c30a8 sp=0x00000000021ebdf0
Event: 16.852 Thread 0x00000000003ff6c0 DEOPT UNPACKING pc=0x0000000005dd239d sp=0x00000000021ebca8 mode 2
Event: 16.856 Thread 0x00000000003ff6c0 Uncommon trap: trap_request=0xffffffc6 fr.pc=0x000000000d8c30a8 relative=0x0000000000001988
Event: 16.856 Thread 0x00000000003ff6c0 Uncommon trap: reason=bimorphic_or_optimized_type_check action=maybe_recompile pc=0x000000000d8c30a8 method=java.util.HashMap.putVal(ILjava/lang/Object;Ljava/lang/Object;ZZ)Ljava/lang/Object; @ 91 c2
Event: 16.856 Thread 0x00000000003ff6c0 DEOPT PACKING pc=0x000000000d8c30a8 sp=0x00000000021ebdf0
Event: 16.856 Thread 0x00000000003ff6c0 DEOPT UNPACKING pc=0x0000000005dd239d sp=0x00000000021ebca8 mode 2
Event: 17.612 Thread 0x00000000003ff6c0 Uncommon trap: trap_request=0xffffff45 fr.pc=0x000000000d8a8964 relative=0x0000000000000cc4
Event: 17.612 Thread 0x00000000003ff6c0 Uncommon trap: reason=unstable_if action=reinterpret pc=0x000000000d8a8964 method=java.util.concurrent.ConcurrentHashMap.putVal(Ljava/lang/Object;Ljava/lang/Object;Z)Ljava/lang/Object; @ 148 c2
Event: 17.612 Thread 0x00000000003ff6c0 DEOPT PACKING pc=0x000000000d8a8964 sp=0x00000000021ec090
Event: 17.612 Thread 0x00000000003ff6c0 DEOPT UNPACKING pc=0x0000000005dd239d sp=0x00000000021ec000 mode 2
Event: 18.503 Thread 0x00000000003ff6c0 Uncommon trap: trap_request=0xffffff45 fr.pc=0x000000000d8d3d38 relative=0x0000000000001c38
Event: 18.503 Thread 0x00000000003ff6c0 Uncommon trap: reason=unstable_if action=reinterpret pc=0x000000000d8d3d38 method=jdk.internal.org.objectweb.asm.Frame.execute(IILjdk/internal/org/objectweb/asm/Symbol;Ljdk/internal/org/objectweb/asm/SymbolTable;)V @ 1 c2
Event: 18.503 Thread 0x00000000003ff6c0 DEOPT PACKING pc=0x000000000d8d3d38 sp=0x00000000021eaa60
Event: 18.503 Thread 0x00000000003ff6c0 DEOPT UNPACKING pc=0x0000000005dd239d sp=0x00000000021eaa08 mode 2
Event: 19.013 Thread 0x00000000003ff6c0 Uncommon trap: trap_request=0xffffff45 fr.pc=0x000000000d919c34 relative=0x0000000000002a54
Event: 19.013 Thread 0x00000000003ff6c0 Uncommon trap: reason=unstable_if action=reinterpret pc=0x000000000d919c34 method=java.lang.invoke.MethodType.makeImpl(Ljava/lang/Class;[Ljava/lang/Class;Z)Ljava/lang/invoke/MethodType; @ 47 c2
Event: 19.013 Thread 0x00000000003ff6c0 DEOPT PACKING pc=0x000000000d919c34 sp=0x00000000021eacd0
Event: 19.013 Thread 0x00000000003ff6c0 DEOPT UNPACKING pc=0x0000000005dd239d sp=0x00000000021eace0 mode 2

Classes unloaded (0 events):
No events

Classes redefined (0 events):
No events

Internal exceptions (20 events):
Event: 10.745 Thread 0x00000000003ff6c0 Implicit null exception at 0x000000000d8a430f to 0x000000000d8a4381
Event: 10.777 Thread 0x00000000003ff6c0 Exception <a 'java/lang/NoSuchMethodError'{0x00000000e24a3ed0}: 'int java.lang.invoke.DirectMethodHandle$Holder.invokeInterface(java.lang.Object, java.lang.Object)'> (0x00000000e24a3ed0) 
thrown [s\src\hotspot\share\interpreter\linkResolver.cpp, line 759]
Event: 11.577 Thread 0x00000000003ff6c0 Exception <a 'java/lang/NoSuchMethodError'{0x00000000e20ddf40}: 'java.lang.Object java.lang.invoke.DirectMethodHandle$Holder.invokeVirtual(java.lang.Object, java.lang.Object, java.lang.Object)'> (0x00000000e20ddf40) 
thrown [s\src\hotspot\share\interpreter\linkResolver.cpp, line 759]
Event: 12.761 Thread 0x00000000003ff6c0 Exception <a 'java/lang/NoSuchMethodError'{0x00000000e27ee170}: 'void java.lang.invoke.DirectMethodHandle$Holder.invokeVirtual(java.lang.Object, java.lang.Object, java.lang.Object, java.lang.Object)'> (0x00000000e27ee170) 
thrown [s\src\hotspot\share\interpreter\linkResolver.cpp, line 759]
Event: 13.759 Thread 0x00000000003ff6c0 Exception <a 'java/lang/NoSuchMethodError'{0x00000000e21c07e8}: 'java.lang.Object java.lang.invoke.DirectMethodHandle$Holder.newInvokeSpecial(java.lang.Object, java.lang.Object, java.lang.Object, java.lang.Object, java.lang.Object, java.lang.Object, java.lang.Object)'> (0x00000000e21c07e8) 
thrown [s\src\hotspot\share\interpreter\linkResolver.cpp, line 759]
Event: 13.761 Thread 0x00000000003ff6c0 Exception <a 'java/lang/NoSuchMethodError'{0x00000000e21c53a0}: 'java.lang.Object java.lang.invoke.Invokers$Holder.linkToTargetMethod(java.lang.Object, java.lang.Object, java.lang.Object, java.lang.Object, java.lang.Object, java.lang.Object, java.lang.Object)'> (0x00000000e21c53a0) 
thrown [s\src\hotspot\share\interpreter\linkResolver.cpp, line 759]
Event: 13.766 Thread 0x00000000003ff6c0 Exception <a 'java/lang/NoSuchMethodError'{0x00000000e21cbb28}: 'java.lang.Object java.lang.invoke.DirectMethodHandle$Holder.invokeInterface(java.lang.Object, java.lang.Object, java.lang.Object, java.lang.Object, java.lang.Object)'> (0x00000000e21cbb28) 
thrown [s\src\hotspot\share\interpreter\linkResolver.cpp, line 759]
Event: 13.769 Thread 0x00000000003ff6c0 Exception <a 'java/lang/IncompatibleClassChangeError'{0x00000000e21cf920}: Found class java.lang.Object, but interface was expected> (0x00000000e21cf920) 
thrown [s\src\hotspot\share\interpreter\linkResolver.cpp, line 826]
Event: 15.562 Thread 0x00000000003ff6c0 Exception <a 'sun/nio/fs/WindowsException'{0x00000000e27e3368}> (0x00000000e27e3368) 
thrown [s\src\hotspot\share\prims\jni.cpp, line 516]
Event: 15.619 Thread 0x00000000003ff6c0 Exception <a 'java/lang/IncompatibleClassChangeError'{0x00000000e2630d78}: Found class java.lang.Object, but interface was expected> (0x00000000e2630d78) 
thrown [s\src\hotspot\share\interpreter\linkResolver.cpp, line 826]
Event: 15.762 Thread 0x00000000003ff6c0 Exception <a 'java/lang/NoSuchMethodError'{0x00000000e26fbc10}: 'int java.lang.invoke.DirectMethodHandle$Holder.invokeSpecial(java.lang.Object, java.lang.Object, java.lang.Object, java.lang.Object)'> (0x00000000e26fbc10) 
thrown [s\src\hotspot\share\interpreter\linkResolver.cpp, line 759]
Event: 16.315 Thread 0x00000000003ff6c0 Exception <a 'java/lang/NoSuchMethodError'{0x00000000e25a5a10}: 'void java.lang.invoke.DirectMethodHandle$Holder.invokeStatic(java.lang.Object, java.lang.Object, java.lang.Object, java.lang.Object, java.lang.Object, java.lang.Object)'> (0x00000000e25a5a10) 
thrown [s\src\hotspot\share\interpreter\linkResolver.cpp, line 759]
Event: 16.507 Thread 0x00000000003ff6c0 Exception <a 'java/lang/NoSuchMethodError'{0x00000000e24159b8}: 'java.lang.Object java.lang.invoke.DirectMethodHandle$Holder.newInvokeSpecial(java.lang.Object, java.lang.Object, java.lang.Object, java.lang.Object, java.lang.Object, java.lang.Object, int)'> (0x00000000e24159b8) 
thrown [s\src\hotspot\share\interpreter\linkResolver.cpp, line 759]
Event: 16.788 Thread 0x00000000003ff6c0 Implicit null exception at 0x000000000d8fb5e1 to 0x000000000d8ff13c
Event: 17.133 Thread 0x00000000003ff6c0 Exception <a 'java/lang/NoSuchMethodError'{0x00000000e223d778}: 'java.lang.Object java.lang.invoke.DirectMethodHandle$Holder.invokeSpecial(java.lang.Object, java.lang.Object, java.lang.Object, int, java.lang.Object)'> (0x00000000e223d778) 
thrown [s\src\hotspot\share\interpreter\linkResolver.cpp, line 759]
Event: 17.135 Thread 0x00000000003ff6c0 Exception <a 'java/lang/NoSuchMethodError'{0x00000000e2246330}: 'java.lang.Object java.lang.invoke.DirectMethodHandle$Holder.newInvokeSpecial(java.lang.Object, java.lang.Object, java.lang.Object, int, java.lang.Object)'> (0x00000000e2246330) 
thrown [s\src\hotspot\share\interpreter\linkResolver.cpp, line 759]
Event: 17.143 Thread 0x00000000003ff6c0 Exception <a 'java/lang/NoSuchMethodError'{0x00000000e225d978}: 'java.lang.Object java.lang.invoke.DirectMethodHandle$Holder.newInvokeSpecial(java.lang.Object, int, java.lang.Object)'> (0x00000000e225d978) 
thrown [s\src\hotspot\share\interpreter\linkResolver.cpp, line 759]
Event: 17.409 Thread 0x00000000003ff6c0 Exception <a 'java/lang/NoSuchMethodError'{0x00000000e219e820}: 'void java.lang.invoke.DirectMethodHandle$Holder.invokeStatic(java.lang.Object, java.lang.Object)'> (0x00000000e219e820) 
thrown [s\src\hotspot\share\interpreter\linkResolver.cpp, line 759]
Event: 17.410 Thread 0x00000000003ff6c0 Exception <a 'java/lang/NoSuchMethodError'{0x00000000e21a2370}: 'void java.lang.invoke.DirectMethodHandle$Holder.invokeStaticInit(java.lang.Object, java.lang.Object)'> (0x00000000e21a2370) 
thrown [s\src\hotspot\share\interpreter\linkResolver.cpp, line 759]
Event: 19.009 Thread 0x00000000003ff6c0 Exception <a 'java/lang/NoSuchMethodError'{0x00000000e27c2830}: 'void java.lang.invoke.DelegatingMethodHandle$Holder.delegate(java.lang.Object, java.lang.Object, int, java.lang.Object)'> (0x00000000e27c2830) 
thrown [s\src\hotspot\share\interpreter\linkResolver.cpp, line 759]

VM Operations (20 events):
Event: 13.776 Executing VM operation: Cleanup
Event: 13.778 Executing VM operation: Cleanup done
Event: 14.440 Executing VM operation: G1CollectForAllocation
Event: 14.454 Executing VM operation: G1CollectForAllocation done
Event: 16.453 Executing VM operation: Cleanup
Event: 16.460 Executing VM operation: Cleanup done
Event: 16.956 Executing VM operation: HandshakeAllThreads
Event: 16.956 Executing VM operation: HandshakeAllThreads done
Event: 17.226 Executing VM operation: HandshakeAllThreads
Event: 17.226 Executing VM operation: HandshakeAllThreads done
Event: 18.226 Executing VM operation: Cleanup
Event: 18.226 Executing VM operation: Cleanup done
Event: 18.792 Executing VM operation: CollectForMetadataAllocation
Event: 18.865 Executing VM operation: CollectForMetadataAllocation done
Event: 18.888 Executing VM operation: G1Concurrent
Event: 18.893 Executing VM operation: G1Concurrent done
Event: 18.899 Executing VM operation: G1Concurrent
Event: 18.903 Executing VM operation: G1Concurrent done
Event: 19.006 Executing VM operation: HandshakeAllThreads
Event: 19.006 Executing VM operation: HandshakeAllThreads done

Events (20 events):
Event: 19.418 loading class java/beans/FeatureDescriptor done
Event: 19.418 loading class java/beans/EventSetDescriptor done
Event: 19.418 loading class java/beans/Introspector$1
Event: 19.418 loading class jdk/internal/access/JavaBeansAccess
Event: 19.418 loading class jdk/internal/access/JavaBeansAccess done
Event: 19.419 loading class java/beans/Introspector$1 done
Event: 19.430 loading class sun/reflect/generics/scope/MethodScope
Event: 19.430 loading class sun/reflect/generics/scope/MethodScope done
Event: 19.430 loading class sun/reflect/generics/repository/MethodRepository
Event: 19.430 loading class sun/reflect/generics/repository/MethodRepository done
Event: 19.460 loading class java/util/concurrent/ConcurrentLinkedDeque$Itr
Event: 19.460 loading class java/util/concurrent/ConcurrentLinkedDeque$AbstractItr
Event: 19.460 loading class java/util/concurrent/ConcurrentLinkedDeque$AbstractItr done
Event: 19.460 loading class java/util/concurrent/ConcurrentLinkedDeque$Itr done
Event: 19.498 loading class org/xml/sax/InputSource
Event: 19.502 loading class org/xml/sax/InputSource done
Event: 19.510 loading class java/nio/file/FileSystemNotFoundException
Event: 19.511 loading class java/nio/file/FileSystemNotFoundException done
Event: 19.558 loading class java/util/ServiceConfigurationError
Event: 19.558 loading class java/util/ServiceConfigurationError done


Dynamic libraries:
0x000000013f6b0000 - 0x000000013f6be000 	C:\Program Files\eclipse\plugins\org.eclipse.justj.openjdk.hotspot.jre.full.win32.x86_64_17.0.5.v20221102-0933\jre\bin\java.exe
0x0000000077560000 - 0x00000000776ff000 	C:\Windows\SYSTEM32\ntdll.dll
0x0000000077340000 - 0x000000007745f000 	C:\Windows\system32\kernel32.dll
0x000007fefd540000 - 0x000007fefd5aa000 	C:\Windows\system32\KERNELBASE.dll
0x000007feefdb0000 - 0x000007feefdc7000 	C:\Program Files\eclipse\plugins\org.eclipse.justj.openjdk.hotspot.jre.full.win32.x86_64_17.0.5.v20221102-0933\jre\bin\jli.dll
0x000007fefbf60000 - 0x000007fefc154000 	C:\Windows\WinSxS\amd64_microsoft.windows.common-controls_6595b64144ccf1df_6.0.7601.17514_none_fa396087175ac9ac\COMCTL32.dll
0x000007fefe050000 - 0x000007fefe0ef000 	C:\Windows\system32\msvcrt.dll
0x000007fefdc40000 - 0x000007fefdca7000 	C:\Windows\system32\GDI32.dll
0x0000000077460000 - 0x000000007755a000 	C:\Windows\system32\USER32.dll
0x000007fefdda0000 - 0x000007fefddae000 	C:\Windows\system32\LPK.dll
0x000007fefe400000 - 0x000007fefe4c9000 	C:\Windows\system32\USP10.dll
0x000007feff6c0000 - 0x000007feff731000 	C:\Windows\system32\SHLWAPI.dll
0x000007fef6cc0000 - 0x000007fef6cd9000 	C:\Program Files\eclipse\plugins\org.eclipse.justj.openjdk.hotspot.jre.full.win32.x86_64_17.0.5.v20221102-0933\jre\bin\VCRUNTIME140.dll
0x000007fefa0b0000 - 0x000007fefa0b4000 	C:\Program Files\eclipse\plugins\org.eclipse.justj.openjdk.hotspot.jre.full.win32.x86_64_17.0.5.v20221102-0933\jre\bin\api-ms-win-crt-runtime-l1-1-0.dll
0x000007feeeb00000 - 0x000007feeebfa000 	C:\Program Files\eclipse\plugins\org.eclipse.justj.openjdk.hotspot.jre.full.win32.x86_64_17.0.5.v20221102-0933\jre\bin\ucrtbase.DLL
0x000007fef7ca0000 - 0x000007fef7ca3000 	C:\Program Files\eclipse\plugins\org.eclipse.justj.openjdk.hotspot.jre.full.win32.x86_64_17.0.5.v20221102-0933\jre\bin\api-ms-win-core-localization-l1-2-0.dll
0x000007fef7ab0000 - 0x000007fef7ab3000 	C:\Program Files\eclipse\plugins\org.eclipse.justj.openjdk.hotspot.jre.full.win32.x86_64_17.0.5.v20221102-0933\jre\bin\api-ms-win-core-processthreads-l1-1-1.dll
0x000007fef7950000 - 0x000007fef7953000 	C:\Program Files\eclipse\plugins\org.eclipse.justj.openjdk.hotspot.jre.full.win32.x86_64_17.0.5.v20221102-0933\jre\bin\api-ms-win-core-file-l1-2-0.dll
0x000007fef6cb0000 - 0x000007fef6cb3000 	C:\Program Files\eclipse\plugins\org.eclipse.justj.openjdk.hotspot.jre.full.win32.x86_64_17.0.5.v20221102-0933\jre\bin\api-ms-win-core-timezone-l1-1-0.dll
0x000007fef57b0000 - 0x000007fef57b3000 	C:\Program Files\eclipse\plugins\org.eclipse.justj.openjdk.hotspot.jre.full.win32.x86_64_17.0.5.v20221102-0933\jre\bin\api-ms-win-core-file-l2-1-0.dll
0x000007fef57a0000 - 0x000007fef57a3000 	C:\Program Files\eclipse\plugins\org.eclipse.justj.openjdk.hotspot.jre.full.win32.x86_64_17.0.5.v20221102-0933\jre\bin\api-ms-win-core-synch-l1-2-0.dll
0x000007fef4ec0000 - 0x000007fef4ec3000 	C:\Program Files\eclipse\plugins\org.eclipse.justj.openjdk.hotspot.jre.full.win32.x86_64_17.0.5.v20221102-0933\jre\bin\api-ms-win-crt-heap-l1-1-0.dll
0x000007fef4eb0000 - 0x000007fef4eb4000 	C:\Program Files\eclipse\plugins\org.eclipse.justj.openjdk.hotspot.jre.full.win32.x86_64_17.0.5.v20221102-0933\jre\bin\api-ms-win-crt-string-l1-1-0.dll
0x000007fef4ea0000 - 0x000007fef4ea4000 	C:\Program Files\eclipse\plugins\org.eclipse.justj.openjdk.hotspot.jre.full.win32.x86_64_17.0.5.v20221102-0933\jre\bin\api-ms-win-crt-stdio-l1-1-0.dll
0x000007fef4e90000 - 0x000007fef4e94000 	C:\Program Files\eclipse\plugins\org.eclipse.justj.openjdk.hotspot.jre.full.win32.x86_64_17.0.5.v20221102-0933\jre\bin\api-ms-win-crt-convert-l1-1-0.dll
0x000007fef47e0000 - 0x000007fef47e3000 	C:\Program Files\eclipse\plugins\org.eclipse.justj.openjdk.hotspot.jre.full.win32.x86_64_17.0.5.v20221102-0933\jre\bin\api-ms-win-crt-environment-l1-1-0.dll
0x000007fef47d0000 - 0x000007fef47d3000 	C:\Program Files\eclipse\plugins\org.eclipse.justj.openjdk.hotspot.jre.full.win32.x86_64_17.0.5.v20221102-0933\jre\bin\api-ms-win-crt-filesystem-l1-1-0.dll
0x000007fef0e70000 - 0x000007fef0e75000 	C:\Program Files\eclipse\plugins\org.eclipse.justj.openjdk.hotspot.jre.full.win32.x86_64_17.0.5.v20221102-0933\jre\bin\api-ms-win-crt-math-l1-1-0.dll
0x000007fef0e60000 - 0x000007fef0e63000 	C:\Program Files\eclipse\plugins\org.eclipse.justj.openjdk.hotspot.jre.full.win32.x86_64_17.0.5.v20221102-0933\jre\bin\api-ms-win-crt-locale-l1-1-0.dll
0x000007fefe170000 - 0x000007fefe19e000 	C:\Windows\system32\IMM32.DLL
0x000007feff740000 - 0x000007feff849000 	C:\Windows\system32\MSCTF.dll
0x000007feefc30000 - 0x000007feefc3c000 	C:\Program Files\eclipse\plugins\org.eclipse.justj.openjdk.hotspot.jre.full.win32.x86_64_17.0.5.v20221102-0933\jre\bin\vcruntime140_1.dll
0x000007fee7680000 - 0x000007fee7711000 	C:\Program Files\eclipse\plugins\org.eclipse.justj.openjdk.hotspot.jre.full.win32.x86_64_17.0.5.v20221102-0933\jre\bin\msvcp140.dll
0x000007feefc20000 - 0x000007feefc23000 	C:\Program Files\eclipse\plugins\org.eclipse.justj.openjdk.hotspot.jre.full.win32.x86_64_17.0.5.v20221102-0933\jre\bin\api-ms-win-crt-time-l1-1-0.dll
0x000007feefc10000 - 0x000007feefc13000 	C:\Program Files\eclipse\plugins\org.eclipse.justj.openjdk.hotspot.jre.full.win32.x86_64_17.0.5.v20221102-0933\jre\bin\api-ms-win-crt-utility-l1-1-0.dll
0x000007fed6ef0000 - 0x000007fed7b34000 	C:\Program Files\eclipse\plugins\org.eclipse.justj.openjdk.hotspot.jre.full.win32.x86_64_17.0.5.v20221102-0933\jre\bin\server\jvm.dll
0x000007fefdcb0000 - 0x000007fefdd8b000 	C:\Windows\system32\ADVAPI32.dll
0x000007fefe0f0000 - 0x000007fefe10f000 	C:\Windows\SYSTEM32\sechost.dll
0x000007fefdb10000 - 0x000007fefdc3c000 	C:\Windows\system32\RPCRT4.dll
0x000007fef8d60000 - 0x000007fef8d69000 	C:\Windows\system32\WSOCK32.dll
0x000007feff260000 - 0x000007feff2ad000 	C:\Windows\system32\WS2_32.dll
0x000007fefdd90000 - 0x000007fefdd98000 	C:\Windows\system32\NSI.dll
0x000007fefa9c0000 - 0x000007fefa9fb000 	C:\Windows\system32\WINMM.dll
0x000007fefc5f0000 - 0x000007fefc5fc000 	C:\Windows\system32\VERSION.dll
0x000007fefa190000 - 0x000007fefa19a000 	C:\Program Files\eclipse\plugins\org.eclipse.justj.openjdk.hotspot.jre.full.win32.x86_64_17.0.5.v20221102-0933\jre\bin\jimage.dll
0x000007fef7650000 - 0x000007fef7775000 	C:\Windows\system32\DBGHELP.DLL
0x000007fef7c20000 - 0x000007fef7c45000 	C:\Program Files\eclipse\plugins\org.eclipse.justj.openjdk.hotspot.jre.full.win32.x86_64_17.0.5.v20221102-0933\jre\bin\java.dll
0x000007feeec00000 - 0x000007feeec18000 	C:\Program Files\eclipse\plugins\org.eclipse.justj.openjdk.hotspot.jre.full.win32.x86_64_17.0.5.v20221102-0933\jre\bin\zip.dll
0x000007fefe4d0000 - 0x000007feff258000 	C:\Windows\system32\SHELL32.dll
0x000007feff2b0000 - 0x000007feff4b3000 	C:\Windows\system32\ole32.dll
0x000007fefd490000 - 0x000007fefd49f000 	C:\Windows\system32\profapi.dll
0x000007feee4d0000 - 0x000007feee4e9000 	C:\Program Files\eclipse\plugins\org.eclipse.justj.openjdk.hotspot.jre.full.win32.x86_64_17.0.5.v20221102-0933\jre\bin\net.dll
0x000007fefa680000 - 0x000007fefa6f1000 	C:\Windows\system32\WINHTTP.dll
0x000007fefa610000 - 0x000007fefa674000 	C:\Windows\system32\webio.dll
0x000007fefcc70000 - 0x000007fefccc5000 	C:\Windows\system32\mswsock.dll
0x000007fefcc60000 - 0x000007fefcc67000 	C:\Windows\System32\wship6.dll
0x000007fed8c30000 - 0x000007fed8c45000 	C:\Program Files\eclipse\plugins\org.eclipse.justj.openjdk.hotspot.jre.full.win32.x86_64_17.0.5.v20221102-0933\jre\bin\nio.dll
0x000007feefc00000 - 0x000007feefc09000 	C:\Program Files\eclipse\plugins\org.eclipse.justj.openjdk.hotspot.jre.full.win32.x86_64_17.0.5.v20221102-0933\jre\bin\management.dll
0x000007feefbf0000 - 0x000007feefbfb000 	C:\Program Files\eclipse\plugins\org.eclipse.justj.openjdk.hotspot.jre.full.win32.x86_64_17.0.5.v20221102-0933\jre\bin\management_ext.dll
0x0000000077700000 - 0x0000000077707000 	C:\Windows\system32\PSAPI.DLL
0x000007fef7c90000 - 0x000007fef7ca0000 	C:\Program Files\eclipse\plugins\org.eclipse.justj.openjdk.hotspot.jre.full.win32.x86_64_17.0.5.v20221102-0933\jre\bin\verify.dll
0x000007fefd320000 - 0x000007fefd377000 	C:\Windows\system32\apphelp.dll
0x000007fefb1a0000 - 0x000007fefb1b5000 	C:\Windows\system32\NLAapi.dll
0x000007fefa9a0000 - 0x000007fefa9b5000 	C:\Windows\system32\napinsp.dll
0x000007fefa980000 - 0x000007fefa999000 	C:\Windows\system32\pnrpnsp.dll
0x000007fefcaf0000 - 0x000007fefcb4b000 	C:\Windows\system32\DNSAPI.dll
0x000007fefa970000 - 0x000007fefa97b000 	C:\Windows\System32\winrnr.dll
0x000007fefc6c0000 - 0x000007fefc6c7000 	C:\Windows\System32\wshtcpip.dll
0x000007fefaa20000 - 0x000007fefaa47000 	C:\Windows\system32\IPHLPAPI.DLL
0x000007fefaa10000 - 0x000007fefaa1b000 	C:\Windows\system32\WINNSI.DLL
0x000007fef82d0000 - 0x000007fef82d8000 	C:\Windows\system32\rasadhlp.dll
0x000007fefa110000 - 0x000007fefa163000 	C:\Windows\System32\fwpuclnt.dll

dbghelp: loaded successfully - version: 4.0.5 - missing functions: none
symbol engine: initialized successfully - sym options: 0x614 - pdb path: .;C:\Program Files\eclipse\plugins\org.eclipse.justj.openjdk.hotspot.jre.full.win32.x86_64_17.0.5.v20221102-0933\jre\bin;C:\Windows\SYSTEM32;C:\Windows\WinSxS\amd64_microsoft.windows.common-controls_6595b64144ccf1df_6.0.7601.17514_none_fa396087175ac9ac;C:\Program Files\eclipse\plugins\org.eclipse.justj.openjdk.hotspot.jre.full.win32.x86_64_17.0.5.v20221102-0933\jre\bin\server

VM Arguments:
java_command: C:\Users\paulina\AppData\Local\Temp\surefire4799732221129557873\surefirebooter17377966724467824328.jar C:\Users\paulina\AppData\Local\Temp\surefire4799732221129557873 2023-12-20T20-57-14_319-jvmRun1 surefire11836916763859735316tmp surefire_016178234171212299876tmp
java_class_path (initial): C:\Users\paulina\AppData\Local\Temp\surefire4799732221129557873\surefirebooter17377966724467824328.jar
Launcher Type: SUN_STANDARD

[Global flags]
     intx CICompilerCount                          = 2                                         {product} {ergonomic}
     uint ConcGCThreads                            = 1                                         {product} {ergonomic}
     uint G1ConcRefinementThreads                  = 2                                         {product} {ergonomic}
   size_t G1HeapRegionSize                         = 1048576                                   {product} {ergonomic}
    uintx GCDrainStackTargetSize                   = 64                                        {product} {ergonomic}
   size_t InitialHeapSize                          = 33554432                                  {product} {ergonomic}
   size_t MarkStackSize                            = 4194304                                   {product} {ergonomic}
   size_t MaxHeapSize                              = 528482304                                 {product} {ergonomic}
   size_t MaxNewSize                               = 316669952                                 {product} {ergonomic}
   size_t MinHeapDeltaBytes                        = 1048576                                   {product} {ergonomic}
   size_t MinHeapSize                              = 8388608                                   {product} {ergonomic}
    uintx NonNMethodCodeHeapSize                   = 5826188                                {pd product} {ergonomic}
    uintx NonProfiledCodeHeapSize                  = 122916026                              {pd product} {ergonomic}
    uintx ProfiledCodeHeapSize                     = 122916026                              {pd product} {ergonomic}
    uintx ReservedCodeCacheSize                    = 251658240                              {pd product} {ergonomic}
     bool SegmentedCodeCache                       = true                                      {product} {ergonomic}
   size_t SoftMaxHeapSize                          = 528482304                              {manageable} {ergonomic}
     bool UseCompressedClassPointers               = true                           {product lp64_product} {ergonomic}
     bool UseCompressedOops                        = true                           {product lp64_product} {ergonomic}
     bool UseG1GC                                  = true                                      {product} {ergonomic}
     bool UseLargePagesIndividualAllocation        = false                                  {pd product} {ergonomic}

Logging:
Log output configuration:
 #0: stdout all=warning uptime,level,tags
 #1: stderr all=off uptime,level,tags

Environment Variables:
PATH=C:/Program Files/eclipse//plugins/org.eclipse.justj.openjdk.hotspot.jre.full.win32.x86_64_17.0.5.v20221102-0933/jre/bin/server;C:/Program Files/eclipse//plugins/org.eclipse.justj.openjdk.hotspot.jre.full.win32.x86_64_17.0.5.v20221102-0933/jre/bin;C:\Program Files\Common Files\Oracle\Java\javapath;C:\Windows\system32;C:\Windows;C:\Windows\System32\Wbem;C:\Windows\System32\WindowsPowerShell\v1.0\;C:\Program Files\Microsoft VS Code\bin;C:\Program Files (x86)\gnupg\bin;C:\Program Files\PostgreSQL\15\bin;C:\Users\paulina\AppData\Roaming\nvm;C:\Program Files\nodejs;C:\Program Files\nodejs\;C:\Program Files\PuTTY\;C:\Program Files\Git\cmd;C:\Users\paulina\AppData\Roaming\nvm;C:\Program Files\nodejs;C:\Users\paulina\AppData\Roaming\npm;C:\spring-boot-cli-3.1.1-bin\spring-3.1.1\bin;C:\Program Files\eclipse;
USERNAME=paulina
OS=Windows_NT
PROCESSOR_IDENTIFIER=Intel64 Family 6 Model 23 Stepping 10, GenuineIntel
TMP=C:\Users\paulina\AppData\Local\Temp
TEMP=C:\Users\paulina\AppData\Local\Temp



---------------  S Y S T E M  ---------------

OS:
 Windows 7 , 64 bit Build 7601 (6.1.7601.24384)
OS uptime: 0 days 8:58 hours

CPU: total 2 (initial active 2) (2 cores per cpu, 1 threads per core) family 6 model 23 stepping 10 microcode 0x0, cx8, cmov, fxsr, mmx, sse, sse2, sse3, ssse3, tsc, clflush

Memory: 4k page, system-wide physical 2008M (41M free)
TotalPageFile size 7968M (AvailPageFile size 6M)
current process WorkingSet (physical memory assigned to process): 101M, peak: 103M
current process commit charge ("private bytes"): 143M, peak: 143M

vm_info: OpenJDK 64-Bit Server VM (17.0.5+8) for windows-amd64 JRE (17.0.5+8), built on Oct 19 2022 04:48:13 by "temurin" with MS VC++ 16.7 (VS2019)

END.
