#
# There is insufficient memory for the Java Runtime Environment to continue.
# Native memory allocation (malloc) failed to allocate 32744 bytes for ChunkPool::allocate
# Possible reasons:
#   The system is out of physical RAM or swap space
#   The process is running with CompressedOops enabled, and the Java Heap may be blocking the growth of the native heap
# Possible solutions:
#   Reduce memory load on the system
#   Increase physical memory or swap space
#   Check if swap backing store is full
#   Decrease Java heap size (-Xmx/-Xms)
#   Decrease number of Java threads
#   Decrease Java thread stack sizes (-Xss)
#   Set larger code cache with -XX:ReservedCodeCacheSize=
#   JVM is running with Unscaled Compressed Oops mode in which the Java heap is
#     placed in the first 4GB address space. The Java Heap base address is the
#     maximum limit for the native heap growth. Please use -XX:HeapBaseMinAddress
#     to set the Java Heap base and to place the Java Heap above 4GB virtual address.
# This output file may be truncated or incomplete.
#
#  Out of Memory Error (arena.cpp:78), pid=5420, tid=1704
#
# JRE version: OpenJDK Runtime Environment Temurin-17.0.5+8 (17.0.5+8) (build 17.0.5+8)
# Java VM: OpenJDK 64-Bit Server VM Temurin-17.0.5+8 (17.0.5+8, mixed mode, emulated-client, tiered, compressed oops, compressed class ptrs, g1 gc, windows-amd64)
# No core dump will be written. Minidumps are not enabled by default on client versions of Windows
#

---------------  S U M M A R Y ------------

Command Line: -Dcom.sun.management.jmxremote -Dcom.sun.management.jmxremote.port=50122 -Dcom.sun.management.jmxremote.authenticate=false -Dcom.sun.management.jmxremote.ssl=false -Djava.rmi.server.hostname=localhost -Dspring.jmx.enabled=true -Dmanagement.endpoints.jmx.exposure.include=* -Dspring.application.admin.enabled=true -XX:TieredStopAtLevel=1 -Dspring.boot.project.name=reservenow -Dfile.encoding=UTF-8 -XX:+ShowCodeDetailsInExceptionMessages com.sistema.examenes.SistemaExamenesBackendApplication --spring.output.ansi.enabled=always

Host: Pentium(R) Dual-Core CPU       T4500  @ 2.30GHz, 2 cores, 1G,  Windows 7 , 64 bit Build 7601 (6.1.7601.24384)
Time: Fri Jul 28 20:05:52 2023 Hora estándar de Argentina elapsed time: 44.804005 seconds (0d 0h 0m 44s)

---------------  T H R E A D  ---------------

Current thread (0x000000004cceed50):  JavaThread "C1 CompilerThread0" daemon [_thread_in_native, id=1704, stack(0x000000004d950000,0x000000004da50000)]


Current CompileTask:
C1:  44804 1034       1       java.net.URLStreamHandler::parseURL (1201 bytes)

Stack: [0x000000004d950000,0x000000004da50000]
Native frames: (J=compiled Java code, j=interpreted, Vv=VM code, C=native code)
V  [jvm.dll+0x676b3a]
V  [jvm.dll+0x831444]
V  [jvm.dll+0x832bee]
V  [jvm.dll+0x833253]
V  [jvm.dll+0x244ce5]
V  [jvm.dll+0xabdcc]
V  [jvm.dll+0xac17c]
V  [jvm.dll+0x18e157]
V  [jvm.dll+0x18ed19]
V  [jvm.dll+0x18dc5a]
V  [jvm.dll+0x133afd]
V  [jvm.dll+0x133d60]
V  [jvm.dll+0x134026]
V  [jvm.dll+0x1334ba]
V  [jvm.dll+0x135181]
V  [jvm.dll+0x22698a]
V  [jvm.dll+0x224ac5]
V  [jvm.dll+0x7e727b]
V  [jvm.dll+0x7e17ea]
V  [jvm.dll+0x6759e5]
C  [ucrtbase.DLL+0x1c1ae]
C  [kernel32.dll+0x1570d]
C  [ntdll.dll+0x5385d]


---------------  P R O C E S S  ---------------

Threads class SMR info:
_java_thread_list=0x000000004ef1a0c0, length=18, elements={
0x00000000002b8790, 0x000000004cc9b270, 0x000000004cc9cff0, 0x000000004ccea8f0,
0x000000004cced310, 0x000000004ccedbd0, 0x000000004ccee490, 0x000000004cceed50,
0x000000004ccd5050, 0x000000004cdb5e40, 0x000000004e448850, 0x000000004eece620,
0x000000004eeee2d0, 0x000000004eee0af0, 0x000000004ef18060, 0x000000004ef1e8e0,
0x000000004ef1edb0, 0x000000004ef322d0
}

Java Threads: ( => current thread )
  0x00000000002b8790 JavaThread "main" [_thread_in_vm, id=5668, stack(0x0000000002090000,0x0000000002190000)]
  0x000000004cc9b270 JavaThread "Reference Handler" daemon [_thread_blocked, id=4472, stack(0x000000004ce80000,0x000000004cf80000)]
  0x000000004cc9cff0 JavaThread "Finalizer" daemon [_thread_blocked, id=5216, stack(0x000000004da90000,0x000000004db90000)]
  0x000000004ccea8f0 JavaThread "Signal Dispatcher" daemon [_thread_blocked, id=5504, stack(0x000000004dc80000,0x000000004dd80000)]
  0x000000004cced310 JavaThread "Attach Listener" daemon [_thread_blocked, id=4980, stack(0x000000004ddc0000,0x000000004dec0000)]
  0x000000004ccedbd0 JavaThread "Service Thread" daemon [_thread_blocked, id=3864, stack(0x000000004df10000,0x000000004e010000)]
  0x000000004ccee490 JavaThread "Monitor Deflation Thread" daemon [_thread_blocked, id=2736, stack(0x000000004e190000,0x000000004e290000)]
=>0x000000004cceed50 JavaThread "C1 CompilerThread0" daemon [_thread_in_native, id=1704, stack(0x000000004d950000,0x000000004da50000)]
  0x000000004ccd5050 JavaThread "Sweeper thread" daemon [_thread_blocked, id=5612, stack(0x000000004e2c0000,0x000000004e3c0000)]
  0x000000004cdb5e40 JavaThread "Common-Cleaner" daemon [_thread_blocked, id=1012, stack(0x000000004e860000,0x000000004e960000)]
  0x000000004e448850 JavaThread "Notification Thread" daemon [_thread_blocked, id=5016, stack(0x000000004ea50000,0x000000004eb50000)]
  0x000000004eece620 JavaThread "RMI TCP Accept-0" daemon [_thread_in_native, id=4556, stack(0x0000000050050000,0x0000000050150000)]
  0x000000004eeee2d0 JavaThread "RMI TCP Accept-50122" daemon [_thread_in_native, id=5804, stack(0x0000000050220000,0x0000000050320000)]
  0x000000004eee0af0 JavaThread "RMI TCP Connection(1)-127.0.0.1" daemon [_thread_in_native, id=5060, stack(0x0000000050430000,0x0000000050530000)]
  0x000000004ef18060 JavaThread "RMI TCP Accept-0" daemon [_thread_in_native, id=3484, stack(0x0000000050580000,0x0000000050680000)]
  0x000000004ef1e8e0 JavaThread "RMI Scheduler(0)" daemon [_thread_blocked, id=5468, stack(0x000000004f490000,0x000000004f590000)]
  0x000000004ef1edb0 JavaThread "RMI TCP Connection(2)-127.0.0.1" daemon [_thread_in_native, id=5140, stack(0x0000000050960000,0x0000000050a60000)]
  0x000000004ef322d0 JavaThread "JMX server connection timeout 20" daemon [_thread_blocked, id=4968, stack(0x0000000050b50000,0x0000000050c50000)]

Other Threads:
  0x000000000c92fd30 VMThread "VM Thread" [stack: 0x000000004d840000,0x000000004d940000] [id=5440]
  0x00000000002b9650 WatcherThread [stack: 0x0000000050780000,0x0000000050880000] [id=5496]
  0x00000000002eb9f0 GCTaskThread "GC Thread#0" [stack: 0x000000000a1e0000,0x000000000a2e0000] [id=608]
  0x000000004ec001a0 GCTaskThread "GC Thread#1" [stack: 0x000000004f380000,0x000000004f480000] [id=6120]
  0x00000000002f1300 ConcurrentGCThread "G1 Main Marker" [stack: 0x000000000a3a0000,0x000000000a4a0000] [id=4504]
  0x00000000002f1c20 ConcurrentGCThread "G1 Conc#0" [stack: 0x000000000a600000,0x000000000a700000] [id=2364]
  0x000000000031da40 ConcurrentGCThread "G1 Refine#0" [stack: 0x000000000c730000,0x000000000c830000] [id=4692]
  0x000000000031e370 ConcurrentGCThread "G1 Service" [stack: 0x000000000ca00000,0x000000000cb00000] [id=3812]

Threads with active compile tasks:
C1 CompilerThread0    44972 1034       1       java.net.URLStreamHandler::parseURL (1201 bytes)

VM state: not at safepoint (normal execution)

VM Mutex/Monitor currently owned by a thread: None

Heap address: 0x00000000e0800000, size: 504 MB, Compressed Oops mode: 32-bit

CDS archive(s) not mapped
Compressed class space mapped at: 0x000000000cc00000-0x000000004cc00000, reserved size: 1073741824
Narrow klass base: 0x0000000000000000, Narrow klass shift: 0, Narrow klass range: 0x4cc00000

GC Precious Log:
 CPUs: 2 total, 2 available
 Memory: 2008M
 Large Page Support: Disabled
 NUMA Support: Disabled
 Compressed Oops: Enabled (32-bit)
 Heap Region Size: 1M
 Heap Min Capacity: 8M
 Heap Initial Capacity: 32M
 Heap Max Capacity: 504M
 Pre-touch: Disabled
 Parallel Workers: 2
 Concurrent Workers: 1
 Concurrent Refinement Workers: 2
 Periodic GC: Disabled

Heap:
 garbage-first heap   total 32768K, used 11504K [0x00000000e0800000, 0x0000000100000000)
  region size 1024K, 7 young (7168K), 1 survivors (1024K)
 Metaspace       used 13837K, committed 14080K, reserved 1064960K
  class space    used 1442K, committed 1536K, reserved 1048576K

Heap Regions: E=young(eden), S=young(survivor), O=old, HS=humongous(starts), HC=humongous(continues), CS=collection set, F=free, OA=open archive, CA=closed archive, TAMS=top-at-mark-start (previous, next)
|   0|0x00000000e0800000, 0x00000000e0900000, 0x00000000e0900000|100%|HS|  |TAMS 0x00000000e0800000, 0x00000000e0800000| Complete 
|   1|0x00000000e0900000, 0x00000000e0a00000, 0x00000000e0a00000|100%| O|  |TAMS 0x00000000e0900000, 0x00000000e0900000| Untracked 
|   2|0x00000000e0a00000, 0x00000000e0b00000, 0x00000000e0b00000|100%| O|  |TAMS 0x00000000e0a00000, 0x00000000e0a00000| Untracked 
|   3|0x00000000e0b00000, 0x00000000e0c00000, 0x00000000e0c00000|100%| O|  |TAMS 0x00000000e0b00000, 0x00000000e0b00000| Untracked 
|   4|0x00000000e0c00000, 0x00000000e0d00000, 0x00000000e0d00000|100%| O|  |TAMS 0x00000000e0c00000, 0x00000000e0c00000| Untracked 
|   5|0x00000000e0d00000, 0x00000000e0d3c200, 0x00000000e0e00000| 23%| O|  |TAMS 0x00000000e0d00000, 0x00000000e0d00000| Untracked 
|   6|0x00000000e0e00000, 0x00000000e0e00000, 0x00000000e0f00000|  0%| F|  |TAMS 0x00000000e0e00000, 0x00000000e0e00000| Untracked 
|   7|0x00000000e0f00000, 0x00000000e0f00000, 0x00000000e1000000|  0%| F|  |TAMS 0x00000000e0f00000, 0x00000000e0f00000| Untracked 
|   8|0x00000000e1000000, 0x00000000e1000000, 0x00000000e1100000|  0%| F|  |TAMS 0x00000000e1000000, 0x00000000e1000000| Untracked 
|   9|0x00000000e1100000, 0x00000000e1100000, 0x00000000e1200000|  0%| F|  |TAMS 0x00000000e1100000, 0x00000000e1100000| Untracked 
|  10|0x00000000e1200000, 0x00000000e1200000, 0x00000000e1300000|  0%| F|  |TAMS 0x00000000e1200000, 0x00000000e1200000| Untracked 
|  11|0x00000000e1300000, 0x00000000e1300000, 0x00000000e1400000|  0%| F|  |TAMS 0x00000000e1300000, 0x00000000e1300000| Untracked 
|  12|0x00000000e1400000, 0x00000000e1400000, 0x00000000e1500000|  0%| F|  |TAMS 0x00000000e1400000, 0x00000000e1400000| Untracked 
|  13|0x00000000e1500000, 0x00000000e1500000, 0x00000000e1600000|  0%| F|  |TAMS 0x00000000e1500000, 0x00000000e1500000| Untracked 
|  14|0x00000000e1600000, 0x00000000e1600000, 0x00000000e1700000|  0%| F|  |TAMS 0x00000000e1600000, 0x00000000e1600000| Untracked 
|  15|0x00000000e1700000, 0x00000000e1700000, 0x00000000e1800000|  0%| F|  |TAMS 0x00000000e1700000, 0x00000000e1700000| Untracked 
|  16|0x00000000e1800000, 0x00000000e1800000, 0x00000000e1900000|  0%| F|  |TAMS 0x00000000e1800000, 0x00000000e1800000| Untracked 
|  17|0x00000000e1900000, 0x00000000e1900000, 0x00000000e1a00000|  0%| F|  |TAMS 0x00000000e1900000, 0x00000000e1900000| Untracked 
|  18|0x00000000e1a00000, 0x00000000e1a00000, 0x00000000e1b00000|  0%| F|  |TAMS 0x00000000e1a00000, 0x00000000e1a00000| Untracked 
|  19|0x00000000e1b00000, 0x00000000e1b00000, 0x00000000e1c00000|  0%| F|  |TAMS 0x00000000e1b00000, 0x00000000e1b00000| Untracked 
|  20|0x00000000e1c00000, 0x00000000e1c00000, 0x00000000e1d00000|  0%| F|  |TAMS 0x00000000e1c00000, 0x00000000e1c00000| Untracked 
|  21|0x00000000e1d00000, 0x00000000e1d00000, 0x00000000e1e00000|  0%| F|  |TAMS 0x00000000e1d00000, 0x00000000e1d00000| Untracked 
|  22|0x00000000e1e00000, 0x00000000e1e00000, 0x00000000e1f00000|  0%| F|  |TAMS 0x00000000e1e00000, 0x00000000e1e00000| Untracked 
|  23|0x00000000e1f00000, 0x00000000e1f00000, 0x00000000e2000000|  0%| F|  |TAMS 0x00000000e1f00000, 0x00000000e1f00000| Untracked 
|  24|0x00000000e2000000, 0x00000000e2000000, 0x00000000e2100000|  0%| F|  |TAMS 0x00000000e2000000, 0x00000000e2000000| Untracked 
|  25|0x00000000e2100000, 0x00000000e217eeb0, 0x00000000e2200000| 49%| E|  |TAMS 0x00000000e2100000, 0x00000000e2100000| Complete 
|  26|0x00000000e2200000, 0x00000000e2300000, 0x00000000e2300000|100%| E|CS|TAMS 0x00000000e2200000, 0x00000000e2200000| Complete 
|  27|0x00000000e2300000, 0x00000000e2400000, 0x00000000e2400000|100%| E|CS|TAMS 0x00000000e2300000, 0x00000000e2300000| Complete 
|  28|0x00000000e2400000, 0x00000000e2500000, 0x00000000e2500000|100%| S|CS|TAMS 0x00000000e2400000, 0x00000000e2400000| Complete 
|  29|0x00000000e2500000, 0x00000000e2600000, 0x00000000e2600000|100%| E|CS|TAMS 0x00000000e2500000, 0x00000000e2500000| Complete 
|  30|0x00000000e2600000, 0x00000000e2700000, 0x00000000e2700000|100%| E|CS|TAMS 0x00000000e2600000, 0x00000000e2600000| Complete 
|  31|0x00000000e2700000, 0x00000000e2800000, 0x00000000e2800000|100%| E|CS|TAMS 0x00000000e2700000, 0x00000000e2700000| Complete 

Card table byte_map: [0x0000000008f10000,0x0000000009010000] _byte_map_base: 0x000000000880c000

Marking Bits (Prev, Next): (CMBitMap*) 0x00000000002ebf10, (CMBitMap*) 0x00000000002ebf50
 Prev Bits: [0x0000000009110000, 0x00000000098f0000)
 Next Bits: [0x00000000098f0000, 0x000000000a0d0000)

Polling page: 0x0000000000220000

Metaspace:

Usage:
  Non-class:     12.10 MB used.
      Class:      1.41 MB used.
       Both:     13.51 MB used.

Virtual space:
  Non-class space:       16.00 MB reserved,      12.25 MB ( 77%) committed,  2 nodes.
      Class space:        1.00 GB reserved,       1.50 MB ( <1%) committed,  1 nodes.
             Both:        1.02 GB reserved,      13.75 MB (  1%) committed. 

Chunk freelists:
   Non-Class:  2.92 MB
       Class:  2.52 MB
        Both:  5.44 MB

MaxMetaspaceSize: unlimited
CompressedClassSpaceSize: 1.00 GB
Initial GC threshold: 21.00 MB
Current GC threshold: 21.00 MB
CDS: off
MetaspaceReclaimPolicy: balanced
 - commit_granule_bytes: 65536.
 - commit_granule_words: 8192.
 - virtual_space_node_default_size: 1048576.
 - enlarge_chunks_in_place: 1.
 - new_chunks_are_fully_committed: 0.
 - uncommit_free_chunks: 1.
 - use_allocation_guard: 0.
 - handle_deallocations: 1.


Internal statistics:

num_allocs_failed_limit: 0.
num_arena_births: 138.
num_arena_deaths: 0.
num_vsnodes_births: 3.
num_vsnodes_deaths: 0.
num_space_committed: 220.
num_space_uncommitted: 0.
num_chunks_returned_to_freelist: 0.
num_chunks_taken_from_freelist: 233.
num_chunk_merges: 0.
num_chunk_splits: 134.
num_chunks_enlarged: 67.
num_purges: 0.
num_inconsistent_stats: 0.

CodeCache: size=49152Kb used=2497Kb max_used=2497Kb free=46654Kb
 bounds [0x0000000005bf0000, 0x0000000005e70000, 0x0000000008bf0000]
 total_blobs=1475 nmethods=1033 adapters=371
 compilation: enabled
              stopped_count=0, restarted_count=0
 full_count=0

Compilation events (20 events):
Event: 44.431 Thread 0x000000004cceed50 nmethod 1023 0x0000000005e5be10 code [0x0000000005e5bfc0, 0x0000000005e5c0b8]
Event: 44.431 Thread 0x000000004cceed50 1025       1       java.util.ArrayDeque::poll (5 bytes)
Event: 44.432 Thread 0x000000004cceed50 nmethod 1025 0x0000000005e5c190 code [0x0000000005e5c320, 0x0000000005e5c408]
Event: 44.432 Thread 0x000000004cceed50 1026       1       java.lang.String::concat (15 bytes)
Event: 44.434 Thread 0x000000004cceed50 nmethod 1026 0x0000000005e5c490 code [0x0000000005e5c6a0, 0x0000000005e5ccd8]
Event: 44.434 Thread 0x000000004cceed50 1029       1       jdk.internal.jimage.ImageStringsReader::stringFromByteBufferMatches (138 bytes)
Event: 44.437 Thread 0x000000004cceed50 nmethod 1029 0x0000000005e5d010 code [0x0000000005e5d240, 0x0000000005e5d908]
Event: 44.437 Thread 0x000000004cceed50 1030       1       jdk.internal.jimage.BasicImageReader::verifyLocation (39 bytes)
Event: 44.438 Thread 0x000000004cceed50 nmethod 1030 0x0000000005e5de90 code [0x0000000005e5e080, 0x0000000005e5e428]
Event: 44.438 Thread 0x000000004cceed50 1027       1       jdk.internal.jimage.ImageStringsReader::match (11 bytes)
Event: 44.439 Thread 0x000000004cceed50 nmethod 1027 0x0000000005e5e790 code [0x0000000005e5e920, 0x0000000005e5ea08]
Event: 44.439 Thread 0x000000004cceed50 1028       1       jdk.internal.jimage.BasicImageReader::match (37 bytes)
Event: 44.439 Thread 0x000000004cceed50 nmethod 1028 0x0000000005e5eb10 code [0x0000000005e5ecc0, 0x0000000005e5ee58]
Event: 44.452 Thread 0x000000004cceed50 1031   !   1       jdk.internal.loader.BuiltinClassLoader::loadClassOrNull (143 bytes)
Event: 44.454 Thread 0x000000004cceed50 nmethod 1031 0x0000000005e5ef90 code [0x0000000005e5f200, 0x0000000005e5f978]
Event: 44.454 Thread 0x000000004cceed50 1032       1       jdk.internal.loader.BuiltinClassLoader::loadClassOrNull (7 bytes)
Event: 44.455 Thread 0x000000004cceed50 nmethod 1032 0x0000000005e60110 code [0x0000000005e602a0, 0x0000000005e60388]
Event: 44.485 Thread 0x000000004cceed50 1033       1       java.lang.NamedPackage::module (5 bytes)
Event: 44.485 Thread 0x000000004cceed50 nmethod 1033 0x0000000005e60410 code [0x0000000005e605a0, 0x0000000005e60678]
Event: 44.628 Thread 0x000000004cceed50 1034       1       java.net.URLStreamHandler::parseURL (1201 bytes)

GC Heap History (4 events):
Event: 17.255 GC heap before
{Heap before GC invocations=0 (full 0):
 garbage-first heap   total 32768K, used 6144K [0x00000000e0800000, 0x0000000100000000)
  region size 1024K, 6 young (6144K), 0 survivors (0K)
 Metaspace       used 6373K, committed 6528K, reserved 1056768K
  class space    used 547K, committed 576K, reserved 1048576K
}
Event: 17.279 GC heap after
{Heap after GC invocations=1 (full 0):
 garbage-first heap   total 32768K, used 5236K [0x00000000e0800000, 0x0000000100000000)
  region size 1024K, 1 young (1024K), 1 survivors (1024K)
 Metaspace       used 6373K, committed 6528K, reserved 1056768K
  class space    used 547K, committed 576K, reserved 1048576K
}
Event: 22.597 GC heap before
{Heap before GC invocations=1 (full 0):
 garbage-first heap   total 32768K, used 8308K [0x00000000e0800000, 0x0000000100000000)
  region size 1024K, 4 young (4096K), 1 survivors (1024K)
 Metaspace       used 10030K, committed 10176K, reserved 1064960K
  class space    used 971K, committed 1024K, reserved 1048576K
}
Event: 22.688 GC heap after
{Heap after GC invocations=2 (full 0):
 garbage-first heap   total 32768K, used 6384K [0x00000000e0800000, 0x0000000100000000)
  region size 1024K, 1 young (1024K), 1 survivors (1024K)
 Metaspace       used 10030K, committed 10176K, reserved 1064960K
  class space    used 971K, committed 1024K, reserved 1048576K
}

Dll operation events (8 events):
Event: 2.765 Loaded shared library C:\Program Files\eclipse\plugins\org.eclipse.justj.openjdk.hotspot.jre.full.win32.x86_64_17.0.5.v20221102-0933\jre\bin\java.dll
Event: 15.314 Loaded shared library C:\Program Files\eclipse\plugins\org.eclipse.justj.openjdk.hotspot.jre.full.win32.x86_64_17.0.5.v20221102-0933\jre\bin\jimage.dll
Event: 15.560 Loaded shared library C:\Program Files\eclipse\plugins\org.eclipse.justj.openjdk.hotspot.jre.full.win32.x86_64_17.0.5.v20221102-0933\jre\bin\net.dll
Event: 16.793 Loaded shared library C:\Program Files\eclipse\plugins\org.eclipse.justj.openjdk.hotspot.jre.full.win32.x86_64_17.0.5.v20221102-0933\jre\bin\nio.dll
Event: 16.888 Loaded shared library C:\Program Files\eclipse\plugins\org.eclipse.justj.openjdk.hotspot.jre.full.win32.x86_64_17.0.5.v20221102-0933\jre\bin\zip.dll
Event: 17.493 Loaded shared library C:\Program Files\eclipse\plugins\org.eclipse.justj.openjdk.hotspot.jre.full.win32.x86_64_17.0.5.v20221102-0933\jre\bin\management.dll
Event: 19.344 Loaded shared library C:\Program Files\eclipse\plugins\org.eclipse.justj.openjdk.hotspot.jre.full.win32.x86_64_17.0.5.v20221102-0933\jre\bin\management_ext.dll
Event: 43.794 Loaded shared library C:\Program Files\eclipse\plugins\org.eclipse.justj.openjdk.hotspot.jre.full.win32.x86_64_17.0.5.v20221102-0933\jre\bin\verify.dll

Deoptimization events (0 events):
No events

Classes unloaded (0 events):
No events

Classes redefined (0 events):
No events

Internal exceptions (16 events):
Event: 17.451 Thread 0x00000000002b8790 Exception <a 'java/lang/NoSuchMethodError'{0x00000000e27a1980}: 'java.lang.Object java.lang.invoke.DirectMethodHandle$Holder.invokeStaticInit(java.lang.Object)'> (0x00000000e27a1980) 
thrown [s\src\hotspot\share\interpreter\linkResolver.cpp, line 759]
Event: 19.385 Thread 0x00000000002b8790 Exception <a 'java/lang/NoSuchMethodError'{0x00000000e27bd690}: 'int java.lang.invoke.DirectMethodHandle$Holder.invokeInterface(java.lang.Object, java.lang.Object)'> (0x00000000e27bd690) 
thrown [s\src\hotspot\share\interpreter\linkResolver.cpp, line 759]
Event: 19.386 Thread 0x00000000002b8790 Exception <a 'java/lang/IncompatibleClassChangeError'{0x00000000e27c0c90}: Found class java.lang.Object, but interface was expected> (0x00000000e27c0c90) 
thrown [s\src\hotspot\share\interpreter\linkResolver.cpp, line 826]
Event: 19.389 Thread 0x00000000002b8790 Exception <a 'java/lang/NoSuchMethodError'{0x00000000e27c6858}: 'void java.lang.invoke.DirectMethodHandle$Holder.invokeStatic(java.lang.Object, java.lang.Object)'> (0x00000000e27c6858) 
thrown [s\src\hotspot\share\interpreter\linkResolver.cpp, line 759]
Event: 19.795 Thread 0x00000000002b8790 Exception <a 'java/lang/NoSuchMethodError'{0x00000000e26949f8}: 'int java.lang.invoke.DirectMethodHandle$Holder.invokeSpecial(java.lang.Object, java.lang.Object, java.lang.Object)'> (0x00000000e26949f8) 
thrown [s\src\hotspot\share\interpreter\linkResolver.cpp, line 759]
Event: 21.691 Thread 0x00000000002b8790 Exception <a 'java/lang/NoSuchMethodError'{0x00000000e259ecb8}: 'void java.lang.invoke.DirectMethodHandle$Holder.invokeStatic(java.lang.Object, java.lang.Object, java.lang.Object)'> (0x00000000e259ecb8) 
thrown [s\src\hotspot\share\interpreter\linkResolver.cpp, line 759]
Event: 22.547 Thread 0x00000000002b8790 Exception <a 'java/lang/NoSuchMethodError'{0x00000000e25e9528}: 'int java.lang.invoke.DirectMethodHandle$Holder.invokeSpecialIFC(java.lang.Object, java.lang.Object, java.lang.Object)'> (0x00000000e25e9528) 
thrown [s\src\hotspot\share\interpreter\linkResolver.cpp, line 759]
Event: 22.964 Thread 0x00000000002b8790 Exception <a 'java/lang/NoSuchMethodError'{0x00000000e2769cf8}: 'java.lang.Object java.lang.invoke.DirectMethodHandle$Holder.invokeStaticInit(java.lang.Object, int, int, int, int)'> (0x00000000e2769cf8) 
thrown [s\src\hotspot\share\interpreter\linkResolver.cpp, line 759]
Event: 41.599 Thread 0x00000000002b8790 Exception <a 'java/lang/NoSuchMethodError'{0x00000000e264b700}: 'java.lang.Object java.lang.invoke.DirectMethodHandle$Holder.invokeStaticInit(java.lang.Object, java.lang.Object, int, int, int, int)'> (0x00000000e264b700) 
thrown [s\src\hotspot\share\interpreter\linkResolver.cpp, line 759]
Event: 41.683 Thread 0x00000000002b8790 Exception <a 'java/lang/ClassNotFoundException'{0x00000000e2666ea0}: javax/management/remote/rmi/RMIServerImpl_Skel> (0x00000000e2666ea0) 
thrown [s\src\hotspot\share\classfile\systemDictionary.cpp, line 256]
Event: 42.262 Thread 0x00000000002b8790 Exception <a 'java/lang/ClassNotFoundException'{0x00000000e2555488}: jdk/internal/agent/resources/spi/agentProvider> (0x00000000e2555488) 
thrown [s\src\hotspot\share\classfile\systemDictionary.cpp, line 256]
Event: 43.222 Thread 0x000000004ef1edb0 Exception <a 'java/lang/NoSuchMethodError'{0x00000000e230f518}: static [B.<clinit>()V> (0x00000000e230f518) 
thrown [s\src\hotspot\share\prims\jni.cpp, line 1107]
Event: 43.371 Thread 0x000000004ef1edb0 Exception <a 'java/lang/ClassNotFoundException'{0x00000000e233fcd8}: javax/management/remote/rmi/RMIConnectionImpl_Skel> (0x00000000e233fcd8) 
thrown [s\src\hotspot\share\classfile\systemDictionary.cpp, line 256]
Event: 43.405 Thread 0x000000004ef322d0 Exception <a 'java/lang/NoSuchMethodError'{0x00000000e235ba00}: 'java.lang.Object java.lang.invoke.Invokers$Holder.linkToTargetMethod(java.lang.Object, long, java.lang.Object)'> (0x00000000e235ba00) 
thrown [s\src\hotspot\share\interpreter\linkResolver.cpp, line 759]
Event: 44.208 Thread 0x00000000002b8790 Exception <a 'java/lang/ClassNotFoundException'{0x00000000e210f5b8}: javax/smartcardio/CardPermission> (0x00000000e210f5b8) 
thrown [s\src\hotspot\share\classfile\systemDictionary.cpp, line 256]
Event: 44.333 Thread 0x00000000002b8790 Exception <a 'java/io/FileNotFoundException'{0x00000000e211e4f0}> (0x00000000e211e4f0) 
thrown [s\src\hotspot\share\prims\jni.cpp, line 516]

VM Operations (20 events):
Event: 20.437 Executing VM operation: Cleanup
Event: 21.099 Executing VM operation: Cleanup done
Event: 21.887 Executing VM operation: HandshakeAllThreads
Event: 21.887 Executing VM operation: HandshakeAllThreads done
Event: 22.597 Executing VM operation: G1CollectForAllocation
Event: 22.689 Executing VM operation: G1CollectForAllocation done
Event: 22.866 Executing VM operation: HandshakeAllThreads
Event: 22.866 Executing VM operation: HandshakeAllThreads done
Event: 23.967 Executing VM operation: Cleanup
Event: 23.967 Executing VM operation: Cleanup done
Event: 41.679 Executing VM operation: Cleanup
Event: 41.680 Executing VM operation: Cleanup done
Event: 41.680 Executing VM operation: HandshakeAllThreads
Event: 41.680 Executing VM operation: HandshakeAllThreads done
Event: 42.685 Executing VM operation: Cleanup
Event: 42.715 Executing VM operation: Cleanup done
Event: 43.318 Executing VM operation: HandshakeAllThreads
Event: 43.365 Executing VM operation: HandshakeAllThreads done
Event: 44.365 Executing VM operation: Cleanup
Event: 44.400 Executing VM operation: Cleanup done

Events (20 events):
Event: 44.337 loading class java/util/PropertyPermissionCollection
Event: 44.337 loading class java/util/PropertyPermissionCollection done
Event: 44.337 loading class java/util/PropertyPermissionCollection$1
Event: 44.338 loading class java/util/PropertyPermissionCollection$1 done
Event: 44.338 loading class sun/net/www/protocol/file/FileURLConnection
Event: 44.348 loading class sun/net/www/URLConnection
Event: 44.385 loading class java/net/URLConnection
Event: 44.387 loading class java/net/URLConnection done
Event: 44.387 loading class sun/net/www/URLConnection done
Event: 44.387 loading class sun/net/www/protocol/file/FileURLConnection done
Event: 44.400 loading class sun/net/www/MessageHeader
Event: 44.400 loading class sun/net/www/MessageHeader done
Event: 44.401 loading class java/io/FilePermissionCollection
Event: 44.401 loading class java/io/FilePermissionCollection done
Event: 44.402 loading class java/io/FilePermissionCollection$1
Event: 44.402 loading class java/io/FilePermissionCollection$1 done
Event: 44.402 loading class java/security/PermissionsEnumerator
Event: 44.402 loading class java/security/PermissionsEnumerator done
Event: 44.403 loading class java/security/AccessControlException
Event: 44.403 loading class java/security/AccessControlException done


Dynamic libraries:
0x000000013f040000 - 0x000000013f04e000 	C:\Program Files\eclipse\plugins\org.eclipse.justj.openjdk.hotspot.jre.full.win32.x86_64_17.0.5.v20221102-0933\jre\bin\javaw.exe
0x0000000077130000 - 0x00000000772cf000 	C:\Windows\SYSTEM32\ntdll.dll
0x0000000076f10000 - 0x000000007702f000 	C:\Windows\system32\kernel32.dll
0x000007fefd110000 - 0x000007fefd17a000 	C:\Windows\system32\KERNELBASE.dll
0x000007fef6760000 - 0x000007fef6777000 	C:\Program Files\eclipse\plugins\org.eclipse.justj.openjdk.hotspot.jre.full.win32.x86_64_17.0.5.v20221102-0933\jre\bin\jli.dll
0x000007fefbb30000 - 0x000007fefbd24000 	C:\Windows\WinSxS\amd64_microsoft.windows.common-controls_6595b64144ccf1df_6.0.7601.17514_none_fa396087175ac9ac\COMCTL32.dll
0x000007fefd580000 - 0x000007fefd61f000 	C:\Windows\system32\msvcrt.dll
0x000007fefdaf0000 - 0x000007fefdb57000 	C:\Windows\system32\GDI32.dll
0x0000000077030000 - 0x000000007712a000 	C:\Windows\system32\USER32.dll
0x000007fefdfe0000 - 0x000007fefdfee000 	C:\Windows\system32\LPK.dll
0x000007fefd430000 - 0x000007fefd4f9000 	C:\Windows\system32\USP10.dll
0x000007fefdf60000 - 0x000007fefdfd1000 	C:\Windows\system32\SHLWAPI.dll
0x000007fef7b80000 - 0x000007fef7b99000 	C:\Program Files\eclipse\plugins\org.eclipse.justj.openjdk.hotspot.jre.full.win32.x86_64_17.0.5.v20221102-0933\jre\bin\VCRUNTIME140.dll
0x000007fef93e0000 - 0x000007fef93e4000 	C:\Program Files\eclipse\plugins\org.eclipse.justj.openjdk.hotspot.jre.full.win32.x86_64_17.0.5.v20221102-0933\jre\bin\api-ms-win-crt-runtime-l1-1-0.dll
0x000007fedc0b0000 - 0x000007fedc1aa000 	C:\Program Files\eclipse\plugins\org.eclipse.justj.openjdk.hotspot.jre.full.win32.x86_64_17.0.5.v20221102-0933\jre\bin\ucrtbase.DLL
0x000007fef7b70000 - 0x000007fef7b73000 	C:\Program Files\eclipse\plugins\org.eclipse.justj.openjdk.hotspot.jre.full.win32.x86_64_17.0.5.v20221102-0933\jre\bin\api-ms-win-core-localization-l1-2-0.dll
0x000007fef7b60000 - 0x000007fef7b63000 	C:\Program Files\eclipse\plugins\org.eclipse.justj.openjdk.hotspot.jre.full.win32.x86_64_17.0.5.v20221102-0933\jre\bin\api-ms-win-core-processthreads-l1-1-1.dll
0x000007fef7b50000 - 0x000007fef7b53000 	C:\Program Files\eclipse\plugins\org.eclipse.justj.openjdk.hotspot.jre.full.win32.x86_64_17.0.5.v20221102-0933\jre\bin\api-ms-win-core-file-l1-2-0.dll
0x000007fef7b40000 - 0x000007fef7b43000 	C:\Program Files\eclipse\plugins\org.eclipse.justj.openjdk.hotspot.jre.full.win32.x86_64_17.0.5.v20221102-0933\jre\bin\api-ms-win-core-timezone-l1-1-0.dll
0x000007fef7b10000 - 0x000007fef7b13000 	C:\Program Files\eclipse\plugins\org.eclipse.justj.openjdk.hotspot.jre.full.win32.x86_64_17.0.5.v20221102-0933\jre\bin\api-ms-win-core-file-l2-1-0.dll
0x000007fef7700000 - 0x000007fef7703000 	C:\Program Files\eclipse\plugins\org.eclipse.justj.openjdk.hotspot.jre.full.win32.x86_64_17.0.5.v20221102-0933\jre\bin\api-ms-win-core-synch-l1-2-0.dll
0x000007fee07f0000 - 0x000007fee07f3000 	C:\Program Files\eclipse\plugins\org.eclipse.justj.openjdk.hotspot.jre.full.win32.x86_64_17.0.5.v20221102-0933\jre\bin\api-ms-win-crt-heap-l1-1-0.dll
0x000007fedf910000 - 0x000007fedf914000 	C:\Program Files\eclipse\plugins\org.eclipse.justj.openjdk.hotspot.jre.full.win32.x86_64_17.0.5.v20221102-0933\jre\bin\api-ms-win-crt-string-l1-1-0.dll
0x000007fedf0d0000 - 0x000007fedf0d4000 	C:\Program Files\eclipse\plugins\org.eclipse.justj.openjdk.hotspot.jre.full.win32.x86_64_17.0.5.v20221102-0933\jre\bin\api-ms-win-crt-stdio-l1-1-0.dll
0x000007fedef50000 - 0x000007fedef54000 	C:\Program Files\eclipse\plugins\org.eclipse.justj.openjdk.hotspot.jre.full.win32.x86_64_17.0.5.v20221102-0933\jre\bin\api-ms-win-crt-convert-l1-1-0.dll
0x000007fedef40000 - 0x000007fedef43000 	C:\Program Files\eclipse\plugins\org.eclipse.justj.openjdk.hotspot.jre.full.win32.x86_64_17.0.5.v20221102-0933\jre\bin\api-ms-win-crt-environment-l1-1-0.dll
0x000007fedeec0000 - 0x000007fedeec3000 	C:\Program Files\eclipse\plugins\org.eclipse.justj.openjdk.hotspot.jre.full.win32.x86_64_17.0.5.v20221102-0933\jre\bin\api-ms-win-crt-filesystem-l1-1-0.dll
0x000007fede8a0000 - 0x000007fede8a5000 	C:\Program Files\eclipse\plugins\org.eclipse.justj.openjdk.hotspot.jre.full.win32.x86_64_17.0.5.v20221102-0933\jre\bin\api-ms-win-crt-math-l1-1-0.dll
0x000007fede890000 - 0x000007fede893000 	C:\Program Files\eclipse\plugins\org.eclipse.justj.openjdk.hotspot.jre.full.win32.x86_64_17.0.5.v20221102-0933\jre\bin\api-ms-win-crt-locale-l1-1-0.dll
0x000007fefd810000 - 0x000007fefd83e000 	C:\Windows\system32\IMM32.DLL
0x000007fefdcc0000 - 0x000007fefddc9000 	C:\Windows\system32\MSCTF.dll
0x000007fede880000 - 0x000007fede88c000 	C:\Program Files\eclipse\plugins\org.eclipse.justj.openjdk.hotspot.jre.full.win32.x86_64_17.0.5.v20221102-0933\jre\bin\vcruntime140_1.dll
0x000007fedad00000 - 0x000007fedad91000 	C:\Program Files\eclipse\plugins\org.eclipse.justj.openjdk.hotspot.jre.full.win32.x86_64_17.0.5.v20221102-0933\jre\bin\msvcp140.dll
0x000007fedc7e0000 - 0x000007fedc7e3000 	C:\Program Files\eclipse\plugins\org.eclipse.justj.openjdk.hotspot.jre.full.win32.x86_64_17.0.5.v20221102-0933\jre\bin\api-ms-win-crt-time-l1-1-0.dll
0x000007fedc7d0000 - 0x000007fedc7d3000 	C:\Program Files\eclipse\plugins\org.eclipse.justj.openjdk.hotspot.jre.full.win32.x86_64_17.0.5.v20221102-0933\jre\bin\api-ms-win-crt-utility-l1-1-0.dll
0x000007fedb200000 - 0x000007fedbe44000 	C:\Program Files\eclipse\plugins\org.eclipse.justj.openjdk.hotspot.jre.full.win32.x86_64_17.0.5.v20221102-0933\jre\bin\server\jvm.dll
0x000007fefdbe0000 - 0x000007fefdcbb000 	C:\Windows\system32\ADVAPI32.dll
0x000007fefdb60000 - 0x000007fefdb7f000 	C:\Windows\SYSTEM32\sechost.dll
0x000007fefd9c0000 - 0x000007fefdaec000 	C:\Windows\system32\RPCRT4.dll
0x000007fef8930000 - 0x000007fef8939000 	C:\Windows\system32\WSOCK32.dll
0x000007fefe1d0000 - 0x000007fefe21d000 	C:\Windows\system32\WS2_32.dll
0x000007fefde70000 - 0x000007fefde78000 	C:\Windows\system32\NSI.dll
0x000007fef7590000 - 0x000007fef75cb000 	C:\Windows\system32\WINMM.dll
0x000007fefc1c0000 - 0x000007fefc1cc000 	C:\Windows\system32\VERSION.dll
0x000007fefa1c0000 - 0x000007fefa1ca000 	C:\Program Files\eclipse\plugins\org.eclipse.justj.openjdk.hotspot.jre.full.win32.x86_64_17.0.5.v20221102-0933\jre\bin\jimage.dll
0x000007fefc050000 - 0x000007fefc175000 	C:\Windows\system32\DBGHELP.DLL
0x000007fef7ae0000 - 0x000007fef7b05000 	C:\Program Files\eclipse\plugins\org.eclipse.justj.openjdk.hotspot.jre.full.win32.x86_64_17.0.5.v20221102-0933\jre\bin\java.dll
0x000007fee0800000 - 0x000007fee0818000 	C:\Program Files\eclipse\plugins\org.eclipse.justj.openjdk.hotspot.jre.full.win32.x86_64_17.0.5.v20221102-0933\jre\bin\zip.dll
0x000007fefe220000 - 0x000007fefefa8000 	C:\Windows\system32\SHELL32.dll
0x000007feff210000 - 0x000007feff413000 	C:\Windows\system32\ole32.dll
0x000007fefd060000 - 0x000007fefd06f000 	C:\Windows\system32\profapi.dll
0x000007fedf040000 - 0x000007fedf059000 	C:\Program Files\eclipse\plugins\org.eclipse.justj.openjdk.hotspot.jre.full.win32.x86_64_17.0.5.v20221102-0933\jre\bin\net.dll
0x000007fefa250000 - 0x000007fefa2c1000 	C:\Windows\system32\WINHTTP.dll
0x000007fefa1e0000 - 0x000007fefa244000 	C:\Windows\system32\webio.dll
0x000007fefc840000 - 0x000007fefc895000 	C:\Windows\system32\mswsock.dll
0x000007fefc830000 - 0x000007fefc837000 	C:\Windows\System32\wship6.dll
0x000007fedeca0000 - 0x000007fedecb5000 	C:\Program Files\eclipse\plugins\org.eclipse.justj.openjdk.hotspot.jre.full.win32.x86_64_17.0.5.v20221102-0933\jre\bin\nio.dll
0x000007fedc490000 - 0x000007fedc499000 	C:\Program Files\eclipse\plugins\org.eclipse.justj.openjdk.hotspot.jre.full.win32.x86_64_17.0.5.v20221102-0933\jre\bin\management.dll
0x000007fedc480000 - 0x000007fedc48b000 	C:\Program Files\eclipse\plugins\org.eclipse.justj.openjdk.hotspot.jre.full.win32.x86_64_17.0.5.v20221102-0933\jre\bin\management_ext.dll
0x00000000772e0000 - 0x00000000772e7000 	C:\Windows\system32\PSAPI.DLL
0x000007fefad80000 - 0x000007fefad95000 	C:\Windows\system32\NLAapi.dll
0x000007fef7ca0000 - 0x000007fef7cb5000 	C:\Windows\system32\napinsp.dll
0x000007fef7570000 - 0x000007fef7589000 	C:\Windows\system32\pnrpnsp.dll
0x000007fefc6c0000 - 0x000007fefc71b000 	C:\Windows\system32\DNSAPI.dll
0x000007fef7c90000 - 0x000007fef7c9b000 	C:\Windows\System32\winrnr.dll
0x000007fefc290000 - 0x000007fefc297000 	C:\Windows\System32\wshtcpip.dll
0x000007fefa5f0000 - 0x000007fefa617000 	C:\Windows\system32\IPHLPAPI.DLL
0x000007fefa5e0000 - 0x000007fefa5eb000 	C:\Windows\system32\WINNSI.DLL
0x000007fef7ea0000 - 0x000007fef7ea8000 	C:\Windows\system32\rasadhlp.dll
0x000007fef9c90000 - 0x000007fef9ce3000 	C:\Windows\System32\fwpuclnt.dll
0x000007fefc8a0000 - 0x000007fefc8b8000 	C:\Windows\system32\CRYPTSP.dll
0x000007fefc5a0000 - 0x000007fefc5e7000 	C:\Windows\system32\rsaenh.dll
0x000007fefc3a0000 - 0x000007fefc3be000 	C:\Windows\system32\USERENV.dll
0x000007fefcf50000 - 0x000007fefcf5f000 	C:\Windows\system32\CRYPTBASE.dll
0x000007fef9c60000 - 0x000007fef9c78000 	C:\Windows\system32\dhcpcsvc.DLL
0x000007fef9ad0000 - 0x000007fef9ae1000 	C:\Windows\system32\dhcpcsvc6.DLL
0x000007fef79f0000 - 0x000007fef7a00000 	C:\Program Files\eclipse\plugins\org.eclipse.justj.openjdk.hotspot.jre.full.win32.x86_64_17.0.5.v20221102-0933\jre\bin\verify.dll

dbghelp: loaded successfully - version: 4.0.5 - missing functions: none
symbol engine: initialized successfully - sym options: 0x614 - pdb path: .;C:\Program Files\eclipse\plugins\org.eclipse.justj.openjdk.hotspot.jre.full.win32.x86_64_17.0.5.v20221102-0933\jre\bin;C:\Windows\SYSTEM32;C:\Windows\WinSxS\amd64_microsoft.windows.common-controls_6595b64144ccf1df_6.0.7601.17514_none_fa396087175ac9ac;C:\Program Files\eclipse\plugins\org.eclipse.justj.openjdk.hotspot.jre.full.win32.x86_64_17.0.5.v20221102-0933\jre\bin\server

VM Arguments:
jvm_args: -Dcom.sun.management.jmxremote -Dcom.sun.management.jmxremote.port=50122 -Dcom.sun.management.jmxremote.authenticate=false -Dcom.sun.management.jmxremote.ssl=false -Djava.rmi.server.hostname=localhost -Dspring.jmx.enabled=true -Dmanagement.endpoints.jmx.exposure.include=* -Dspring.application.admin.enabled=true -XX:TieredStopAtLevel=1 -Dspring.boot.project.name=reservenow -Dfile.encoding=UTF-8 -XX:+ShowCodeDetailsInExceptionMessages 
java_command: com.sistema.examenes.SistemaExamenesBackendApplication --spring.output.ansi.enabled=always
java_class_path (initial): C:\Users\paulina\Documents\EclipseProjects\reservenow\target\classes;C:\Users\paulina\.m2\repository\org\springframework\boot\spring-boot-starter-data-jpa\2.6.6\spring-boot-starter-data-jpa-2.6.6.jar;C:\Users\paulina\.m2\repository\org\springframework\boot\spring-boot-starter-aop\2.6.6\spring-boot-starter-aop-2.6.6.jar;C:\Users\paulina\.m2\repository\org\aspectj\aspectjweaver\1.9.7\aspectjweaver-1.9.7.jar;C:\Users\paulina\.m2\repository\org\springframework\boot\spring-boot-starter-jdbc\2.6.6\spring-boot-starter-jdbc-2.6.6.jar;C:\Users\paulina\.m2\repository\com\zaxxer\HikariCP\4.0.3\HikariCP-4.0.3.jar;C:\Users\paulina\.m2\repository\org\springframework\spring-jdbc\5.3.18\spring-jdbc-5.3.18.jar;C:\Users\paulina\.m2\repository\jakarta\transaction\jakarta.transaction-api\1.3.3\jakarta.transaction-api-1.3.3.jar;C:\Users\paulina\.m2\repository\jakarta\persistence\jakarta.persistence-api\2.2.3\jakarta.persistence-api-2.2.3.jar;C:\Users\paulina\.m2\repository\org\hibernate\hibernate-core\5.6.7.Final\hibernate-core-5.6.7.Final.jar;C:\Users\paulina\.m2\repository\org\jboss\logging\jboss-logging\3.4.3.Final\jboss-logging-3.4.3.Final.jar;C:\Users\paulina\.m2\repository\net\bytebuddy\byte-buddy\1.11.22\byte-buddy-1.11.22.jar;C:\Users\paulina\.m2\repository\antlr\antlr\2.7.7\antlr-2.7.7.jar;C:\Users\paulina\.m2\repository\org\jboss\jandex\2.4.2.Final\jandex-2.4.2.Final.jar;C:\Users\paulina\.m2\repository\com\fasterxml\classmate\1.5.1\classmate-1.5.1.jar;C:\Users\paulina\.m2\repository\org\hibernate\common\hibernate-commons-annotations\5.1.2.Final\hibernate-commons-annotations-5.1.2.Final.jar;C:\Users\paulina\.m2\repository\org\glassfish\jaxb\jaxb-runtime\2.3.6\jaxb-runtime-2.3.6.jar;C:\Users\paulina\.m2\repository\org\glassfish\jaxb\txw2\2.3.6\txw2-2.3.6.jar;C:\Users\paulina\.m2\repository\com\sun\istack\istack-commons-runtime\3.0.12\istack-commons-runtime-3.0.12.jar;C:\Users\paulina\.m2\repository\org\springframework\data\spring-data-jpa\2.6.3\sprin
Launcher Type: SUN_STANDARD

[Global flags]
     intx CICompilerCount                          = 2                                         {product} {ergonomic}
     uint ConcGCThreads                            = 1                                         {product} {ergonomic}
     uint G1ConcRefinementThreads                  = 2                                         {product} {ergonomic}
   size_t G1HeapRegionSize                         = 1048576                                   {product} {ergonomic}
    uintx GCDrainStackTargetSize                   = 64                                        {product} {ergonomic}
   size_t InitialHeapSize                          = 33554432                                  {product} {ergonomic}
     bool ManagementServer                         = true                                      {product} {command line}
   size_t MarkStackSize                            = 4194304                                   {product} {ergonomic}
   size_t MaxHeapSize                              = 528482304                                 {product} {ergonomic}
   size_t MaxNewSize                               = 316669952                                 {product} {ergonomic}
   size_t MinHeapDeltaBytes                        = 1048576                                   {product} {ergonomic}
   size_t MinHeapSize                              = 8388608                                   {product} {ergonomic}
    uintx NonProfiledCodeHeapSize                  = 0                                      {pd product} {ergonomic}
     bool ProfileInterpreter                       = false                                  {pd product} {command line}
    uintx ProfiledCodeHeapSize                     = 0                                      {pd product} {ergonomic}
     bool ShowCodeDetailsInExceptionMessages       = true                                   {manageable} {command line}
   size_t SoftMaxHeapSize                          = 528482304                              {manageable} {ergonomic}
     intx TieredStopAtLevel                        = 1                                         {product} {command line}
     bool UseCompressedClassPointers               = true                           {product lp64_product} {ergonomic}
     bool UseCompressedOops                        = true                           {product lp64_product} {ergonomic}
     bool UseG1GC                                  = true                                      {product} {ergonomic}
     bool UseLargePagesIndividualAllocation        = false                                  {pd product} {ergonomic}

Logging:
Log output configuration:
 #0: stdout all=warning uptime,level,tags
 #1: stderr all=off uptime,level,tags

Environment Variables:
PATH=C:/Program Files/eclipse//plugins/org.eclipse.justj.openjdk.hotspot.jre.full.win32.x86_64_17.0.5.v20221102-0933/jre/bin/server;C:/Program Files/eclipse//plugins/org.eclipse.justj.openjdk.hotspot.jre.full.win32.x86_64_17.0.5.v20221102-0933/jre/bin;C:\Program Files\Common Files\Oracle\Java\javapath;C:\Windows\system32;C:\Windows;C:\Windows\System32\Wbem;C:\Windows\System32\WindowsPowerShell\v1.0\;C:\Program Files\Microsoft VS Code\bin;C:\Program Files (x86)\gnupg\bin;C:\Program Files\PostgreSQL\15\bin;C:\Users\paulina\AppData\Roaming\nvm;C:\Program Files\nodejs;C:\Program Files\nodejs\;C:\Program Files\PuTTY\;C:\Program Files\Git\cmd;C:\Users\paulina\AppData\Roaming\nvm;C:\Program Files\nodejs;C:\Users\paulina\AppData\Roaming\npm;C:\spring-boot-cli-3.1.1-bin\spring-3.1.1\bin;C:\Program Files\eclipse;
USERNAME=paulina
OS=Windows_NT
PROCESSOR_IDENTIFIER=Intel64 Family 6 Model 23 Stepping 10, GenuineIntel
TMP=C:\Users\paulina\AppData\Local\Temp
TEMP=C:\Users\paulina\AppData\Local\Temp



---------------  S Y S T E M  ---------------

OS:
 Windows 7 , 64 bit Build 7601 (6.1.7601.24384)
OS uptime: 0 days 1:25 hours

CPU: total 2 (initial active 2) (2 cores per cpu, 1 threads per core) family 6 model 23 stepping 10 microcode 0x0, cx8, cmov, fxsr, mmx, sse, sse2, sse3, ssse3, tsc, clflush

Memory: 4k page, system-wide physical 2008M (26M free)
TotalPageFile size 8034M (AvailPageFile size 4M)
current process WorkingSet (physical memory assigned to process): 48M, peak: 48M
current process commit charge ("private bytes"): 108M, peak: 108M

vm_info: OpenJDK 64-Bit Server VM (17.0.5+8) for windows-amd64 JRE (17.0.5+8), built on Oct 19 2022 04:48:13 by "temurin" with MS VC++ 16.7 (VS2019)

END.
